{"/Users/sschepis/ai-assistant/src/assistant/conversation/conversation.ts": {"path":"/Users/sschepis/ai-assistant/src/assistant/conversation/conversation.ts","statementMap":{"0":{"start":{"line":3,"column":0},"end":{"line":3,"column":59}},"1":{"start":{"line":4,"column":0},"end":{"line":4,"column":50}},"2":{"start":{"line":13,"column":4},"end":{"line":13,"column":37}},"3":{"start":{"line":15,"column":4},"end":{"line":17,"column":5}},"4":{"start":{"line":16,"column":6},"end":{"line":16,"column":86}},"5":{"start":{"line":20,"column":4},"end":{"line":20,"column":43}},"6":{"start":{"line":21,"column":4},"end":{"line":21,"column":73}},"7":{"start":{"line":23,"column":4},"end":{"line":33,"column":5}},"8":{"start":{"line":24,"column":6},"end":{"line":27,"column":9}},"9":{"start":{"line":29,"column":6},"end":{"line":32,"column":9}},"10":{"start":{"line":41,"column":20},"end":{"line":41,"column":27}},"11":{"start":{"line":42,"column":4},"end":{"line":44,"column":5}},"12":{"start":{"line":43,"column":6},"end":{"line":43,"column":63}},"13":{"start":{"line":46,"column":4},"end":{"line":50,"column":5}},"14":{"start":{"line":47,"column":6},"end":{"line":47,"column":52}},"15":{"start":{"line":49,"column":6},"end":{"line":49,"column":59}},"16":{"start":{"line":58,"column":54},"end":{"line":58,"column":61}},"17":{"start":{"line":59,"column":4},"end":{"line":61,"column":5}},"18":{"start":{"line":60,"column":6},"end":{"line":60,"column":null}},"19":{"start":{"line":62,"column":4},"end":{"line":89,"column":5}},"20":{"start":{"line":63,"column":19},"end":{"line":63,"column":49}},"21":{"start":{"line":64,"column":6},"end":{"line":67,"column":7}},"22":{"start":{"line":65,"column":8},"end":{"line":65,"column":78}},"23":{"start":{"line":66,"column":8},"end":{"line":66,"column":25}},"24":{"start":{"line":68,"column":6},"end":{"line":70,"column":7}},"25":{"start":{"line":69,"column":8},"end":{"line":69,"column":64}},"26":{"start":{"line":71,"column":19},"end":{"line":77,"column":8}},"27":{"start":{"line":78,"column":6},"end":{"line":84,"column":7}},"28":{"start":{"line":79,"column":8},"end":{"line":83,"column":9}},"29":{"start":{"line":80,"column":8},"end":{"line":80,"column":52}},"30":{"start":{"line":82,"column":10},"end":{"line":82,"column":42}},"31":{"start":{"line":85,"column":6},"end":{"line":85,"column":20}},"32":{"start":{"line":87,"column":6},"end":{"line":87,"column":27}},"33":{"start":{"line":88,"column":6},"end":{"line":88,"column":19}},"34":{"start":{"line":93,"column":40},"end":{"line":93,"column":47}},"35":{"start":{"line":94,"column":28},"end":{"line":96,"column":6}},"36":{"start":{"line":97,"column":19},"end":{"line":97,"column":92}},"37":{"start":{"line":97,"column":43},"end":{"line":97,"column":80}},"38":{"start":{"line":99,"column":17},"end":{"line":102,"column":6}},"39":{"start":{"line":104,"column":28},"end":{"line":104,"column":47}},"40":{"start":{"line":105,"column":4},"end":{"line":105,"column":27}},"41":{"start":{"line":6,"column":0},"end":{"line":6,"column":21}}},"fnMap":{"0":{"name":"(anonymous_7)","decl":{"start":{"line":12,"column":2},"end":{"line":12,"column":14}},"loc":{"start":{"line":12,"column":24},"end":{"line":34,"column":3}}},"1":{"name":"(anonymous_8)","decl":{"start":{"line":36,"column":8},"end":{"line":36,"column":12}},"loc":{"start":{"line":40,"column":33},"end":{"line":51,"column":null}}},"2":{"name":"(anonymous_10)","decl":{"start":{"line":53,"column":8},"end":{"line":53,"column":22}},"loc":{"start":{"line":57,"column":3},"end":{"line":90,"column":null}}},"3":{"name":"(anonymous_12)","decl":{"start":{"line":92,"column":8},"end":{"line":92,"column":22}},"loc":{"start":{"line":92,"column":90},"end":{"line":106,"column":null}}},"4":{"name":"(anonymous_14)","decl":{"start":{"line":97,"column":32},"end":{"line":97,"column":39}},"loc":{"start":{"line":97,"column":43},"end":{"line":97,"column":80}}}},"branchMap":{"0":{"loc":{"start":{"line":15,"column":4},"end":{"line":17,"column":5}},"type":"if","locations":[{"start":{"line":15,"column":4},"end":{"line":17,"column":5}}]},"1":{"loc":{"start":{"line":15,"column":8},"end":{"line":15,"column":58}},"type":"binary-expr","locations":[{"start":{"line":15,"column":8},"end":{"line":15,"column":31}},{"start":{"line":15,"column":35},"end":{"line":15,"column":58}}]},"2":{"loc":{"start":{"line":21,"column":20},"end":{"line":21,"column":72}},"type":"cond-expr","locations":[{"start":{"line":21,"column":46},"end":{"line":21,"column":56}},{"start":{"line":21,"column":59},"end":{"line":21,"column":72}}]},"3":{"loc":{"start":{"line":23,"column":4},"end":{"line":33,"column":5}},"type":"if","locations":[{"start":{"line":23,"column":4},"end":{"line":33,"column":5}},{"start":{"line":28,"column":11},"end":{"line":33,"column":5}}]},"4":{"loc":{"start":{"line":36,"column":30},"end":{"line":40,"column":5}},"type":"default-arg","locations":[{"start":{"line":36,"column":40},"end":{"line":40,"column":5}}]},"5":{"loc":{"start":{"line":40,"column":5},"end":{"line":40,"column":33}},"type":"default-arg","locations":[{"start":{"line":40,"column":13},"end":{"line":40,"column":33}}]},"6":{"loc":{"start":{"line":42,"column":4},"end":{"line":44,"column":5}},"type":"if","locations":[{"start":{"line":42,"column":4},"end":{"line":44,"column":5}}]},"7":{"loc":{"start":{"line":46,"column":4},"end":{"line":50,"column":5}},"type":"if","locations":[{"start":{"line":46,"column":4},"end":{"line":50,"column":5}},{"start":{"line":48,"column":11},"end":{"line":50,"column":5}}]},"8":{"loc":{"start":{"line":53,"column":40},"end":{"line":57,"column":null}},"type":"default-arg","locations":[{"start":{"line":53,"column":50},"end":{"line":57,"column":null}}]},"9":{"loc":{"start":{"line":59,"column":4},"end":{"line":61,"column":5}},"type":"if","locations":[{"start":{"line":59,"column":4},"end":{"line":61,"column":5}}]},"10":{"loc":{"start":{"line":64,"column":6},"end":{"line":67,"column":7}},"type":"if","locations":[{"start":{"line":64,"column":6},"end":{"line":67,"column":7}}]},"11":{"loc":{"start":{"line":65,"column":40},"end":{"line":65,"column":76}},"type":"cond-expr","locations":[{"start":{"line":65,"column":57},"end":{"line":65,"column":71}},{"start":{"line":65,"column":74},"end":{"line":65,"column":76}}]},"12":{"loc":{"start":{"line":68,"column":6},"end":{"line":70,"column":7}},"type":"if","locations":[{"start":{"line":68,"column":6},"end":{"line":70,"column":7}}]},"13":{"loc":{"start":{"line":75,"column":20},"end":{"line":75,"column":38}},"type":"binary-expr","locations":[{"start":{"line":75,"column":20},"end":{"line":75,"column":30}},{"start":{"line":75,"column":34},"end":{"line":75,"column":38}}]},"14":{"loc":{"start":{"line":78,"column":6},"end":{"line":84,"column":7}},"type":"if","locations":[{"start":{"line":78,"column":6},"end":{"line":84,"column":7}}]},"15":{"loc":{"start":{"line":92,"column":54},"end":{"line":92,"column":90}},"type":"default-arg","locations":[{"start":{"line":92,"column":70},"end":{"line":92,"column":90}}]}},"s":{"0":1,"1":1,"2":7,"3":7,"4":1,"5":6,"6":6,"7":6,"8":5,"9":1,"10":2,"11":2,"12":0,"13":2,"14":1,"15":1,"16":1,"17":1,"18":0,"19":1,"20":1,"21":1,"22":1,"23":1,"24":1,"25":0,"26":1,"27":1,"28":0,"29":0,"30":0,"31":1,"32":0,"33":0,"34":1,"35":1,"36":1,"37":1,"38":1,"39":1,"40":1,"41":1},"f":{"0":7,"1":2,"2":1,"3":1,"4":1},"b":{"0":[1],"1":[7,2],"2":[5,1],"3":[5,1],"4":[2],"5":[2],"6":[0],"7":[1,1],"8":[0],"9":[0],"10":[1],"11":[0,1],"12":[0],"13":[1,0],"14":[0],"15":[0]}}
,"/Users/sschepis/ai-assistant/src/assistant/metrics/metricsService.ts": {"path":"/Users/sschepis/ai-assistant/src/assistant/metrics/metricsService.ts","statementMap":{"0":{"start":{"line":2,"column":0},"end":{"line":2,"column":20}},"1":{"start":{"line":3,"column":0},"end":{"line":3,"column":24}},"2":{"start":{"line":21,"column":4},"end":{"line":21,"column":43}},"3":{"start":{"line":22,"column":4},"end":{"line":22,"column":29}},"4":{"start":{"line":23,"column":4},"end":{"line":23,"column":23}},"5":{"start":{"line":27,"column":4},"end":{"line":31,"column":5}},"6":{"start":{"line":28,"column":19},"end":{"line":28,"column":64}},"7":{"start":{"line":29,"column":26},"end":{"line":29,"column":42}},"8":{"start":{"line":30,"column":6},"end":{"line":30,"column":58}},"9":{"start":{"line":35,"column":24},"end":{"line":35,"column":56}},"10":{"start":{"line":36,"column":4},"end":{"line":36,"column":81}},"11":{"start":{"line":40,"column":16},"end":{"line":40,"column":40}},"12":{"start":{"line":41,"column":4},"end":{"line":50,"column":7}},"13":{"start":{"line":51,"column":4},"end":{"line":51,"column":23}},"14":{"start":{"line":55,"column":20},"end":{"line":55,"column":46}},"15":{"start":{"line":56,"column":4},"end":{"line":59,"column":5}},"16":{"start":{"line":57,"column":6},"end":{"line":57,"column":56}},"17":{"start":{"line":58,"column":6},"end":{"line":58,"column":25}},"18":{"start":{"line":63,"column":20},"end":{"line":63,"column":46}},"19":{"start":{"line":64,"column":4},"end":{"line":74,"column":5}},"20":{"start":{"line":65,"column":6},"end":{"line":65,"column":27}},"21":{"start":{"line":66,"column":6},"end":{"line":66,"column":50}},"22":{"start":{"line":67,"column":6},"end":{"line":67,"column":32}},"23":{"start":{"line":68,"column":6},"end":{"line":70,"column":7}},"24":{"start":{"line":69,"column":8},"end":{"line":69,"column":39}},"25":{"start":{"line":71,"column":6},"end":{"line":71,"column":90}},"26":{"start":{"line":72,"column":6},"end":{"line":72,"column":83}},"27":{"start":{"line":73,"column":6},"end":{"line":73,"column":25}},"28":{"start":{"line":78,"column":26},"end":{"line":78,"column":56}},"29":{"start":{"line":79,"column":4},"end":{"line":87,"column":5}},"30":{"start":{"line":80,"column":29},"end":{"line":80,"column":61}},"31":{"start":{"line":81,"column":18},"end":{"line":81,"column":28}},"32":{"start":{"line":82,"column":19},"end":{"line":82,"column":59}},"33":{"start":{"line":83,"column":25},"end":{"line":83,"column":50}},"34":{"start":{"line":84,"column":6},"end":{"line":86,"column":7}},"35":{"start":{"line":85,"column":8},"end":{"line":85,"column":45}},"36":{"start":{"line":88,"column":4},"end":{"line":88,"column":25}},"37":{"start":{"line":92,"column":20},"end":{"line":92,"column":46}},"38":{"start":{"line":93,"column":4},"end":{"line":95,"column":5}},"39":{"start":{"line":94,"column":6},"end":{"line":94,"column":77}},"40":{"start":{"line":96,"column":4},"end":{"line":96,"column":17}},"41":{"start":{"line":100,"column":4},"end":{"line":100,"column":34}},"42":{"start":{"line":101,"column":4},"end":{"line":101,"column":23}},"43":{"start":{"line":105,"column":4},"end":{"line":105,"column":38}},"44":{"start":{"line":109,"column":4},"end":{"line":109,"column":33}},"45":{"start":{"line":113,"column":17},"end":{"line":113,"column":62}},"46":{"start":{"line":114,"column":4},"end":{"line":122,"column":5}},"47":{"start":{"line":115,"column":6},"end":{"line":115,"column":38}},"48":{"start":{"line":116,"column":6},"end":{"line":116,"column":53}},"49":{"start":{"line":117,"column":6},"end":{"line":117,"column":62}},"50":{"start":{"line":118,"column":6},"end":{"line":118,"column":57}},"51":{"start":{"line":119,"column":6},"end":{"line":119,"column":91}},"52":{"start":{"line":120,"column":6},"end":{"line":120,"column":79}},"53":{"start":{"line":121,"column":6},"end":{"line":121,"column":69}},"54":{"start":{"line":123,"column":4},"end":{"line":123,"column":18}},"55":{"start":{"line":16,"column":0},"end":{"line":16,"column":13}}},"fnMap":{"0":{"name":"(anonymous_1)","decl":{"start":{"line":20,"column":2},"end":{"line":20,"column":14}},"loc":{"start":{"line":20,"column":82},"end":{"line":24,"column":3}}},"1":{"name":"(anonymous_2)","decl":{"start":{"line":26,"column":10},"end":{"line":26,"column":21}},"loc":{"start":{"line":26,"column":21},"end":{"line":32,"column":3}}},"2":{"name":"(anonymous_3)","decl":{"start":{"line":34,"column":10},"end":{"line":34,"column":21}},"loc":{"start":{"line":34,"column":21},"end":{"line":37,"column":3}}},"3":{"name":"(anonymous_4)","decl":{"start":{"line":39,"column":2},"end":{"line":39,"column":20}},"loc":{"start":{"line":39,"column":37},"end":{"line":52,"column":3}}},"4":{"name":"(anonymous_5)","decl":{"start":{"line":54,"column":2},"end":{"line":54,"column":18}},"loc":{"start":{"line":54,"column":35},"end":{"line":60,"column":3}}},"5":{"name":"(anonymous_6)","decl":{"start":{"line":62,"column":2},"end":{"line":62,"column":17}},"loc":{"start":{"line":62,"column":75},"end":{"line":75,"column":3}}},"6":{"name":"(anonymous_7)","decl":{"start":{"line":77,"column":2},"end":{"line":77,"column":18}},"loc":{"start":{"line":77,"column":18},"end":{"line":89,"column":3}}},"7":{"name":"(anonymous_8)","decl":{"start":{"line":91,"column":2},"end":{"line":91,"column":20}},"loc":{"start":{"line":91,"column":37},"end":{"line":97,"column":3}}},"8":{"name":"(anonymous_9)","decl":{"start":{"line":99,"column":2},"end":{"line":99,"column":19}},"loc":{"start":{"line":99,"column":36},"end":{"line":102,"column":3}}},"9":{"name":"(anonymous_10)","decl":{"start":{"line":104,"column":2},"end":{"line":104,"column":16}},"loc":{"start":{"line":104,"column":33},"end":{"line":106,"column":3}}},"10":{"name":"(anonymous_11)","decl":{"start":{"line":108,"column":2},"end":{"line":108,"column":15}},"loc":{"start":{"line":108,"column":15},"end":{"line":110,"column":3}}},"11":{"name":"(anonymous_12)","decl":{"start":{"line":112,"column":2},"end":{"line":112,"column":16}},"loc":{"start":{"line":112,"column":16},"end":{"line":124,"column":3}}}},"branchMap":{"0":{"loc":{"start":{"line":20,"column":14},"end":{"line":20,"column":82}},"type":"default-arg","locations":[{"start":{"line":20,"column":40},"end":{"line":20,"column":82}}]},"1":{"loc":{"start":{"line":27,"column":4},"end":{"line":31,"column":5}},"type":"if","locations":[{"start":{"line":27,"column":4},"end":{"line":31,"column":5}}]},"2":{"loc":{"start":{"line":56,"column":4},"end":{"line":59,"column":5}},"type":"if","locations":[{"start":{"line":56,"column":4},"end":{"line":59,"column":5}}]},"3":{"loc":{"start":{"line":64,"column":4},"end":{"line":74,"column":5}},"type":"if","locations":[{"start":{"line":64,"column":4},"end":{"line":74,"column":5}}]},"4":{"loc":{"start":{"line":68,"column":6},"end":{"line":70,"column":7}},"type":"if","locations":[{"start":{"line":68,"column":6},"end":{"line":70,"column":7}}]},"5":{"loc":{"start":{"line":84,"column":6},"end":{"line":86,"column":7}},"type":"if","locations":[{"start":{"line":84,"column":6},"end":{"line":86,"column":7}}]},"6":{"loc":{"start":{"line":93,"column":4},"end":{"line":95,"column":5}},"type":"if","locations":[{"start":{"line":93,"column":4},"end":{"line":95,"column":5}}]},"7":{"loc":{"start":{"line":94,"column":13},"end":{"line":94,"column":76}},"type":"binary-expr","locations":[{"start":{"line":94,"column":13},"end":{"line":94,"column":38}},{"start":{"line":94,"column":42},"end":{"line":94,"column":76}}]}},"s":{"0":1,"1":1,"2":5,"3":5,"4":5,"5":5,"6":0,"7":0,"8":0,"9":9,"10":9,"11":5,"12":5,"13":5,"14":1,"15":1,"16":1,"17":1,"18":3,"19":3,"20":3,"21":3,"22":3,"23":3,"24":3,"25":3,"26":3,"27":3,"28":0,"29":0,"30":0,"31":0,"32":0,"33":0,"34":0,"35":0,"36":0,"37":0,"38":0,"39":0,"40":0,"41":0,"42":0,"43":1,"44":0,"45":1,"46":1,"47":1,"48":1,"49":1,"50":1,"51":1,"52":1,"53":1,"54":1,"55":1},"f":{"0":5,"1":5,"2":9,"3":5,"4":1,"5":3,"6":0,"7":0,"8":0,"9":1,"10":0,"11":1},"b":{"0":[5],"1":[0],"2":[1],"3":[3],"4":[3],"5":[0],"6":[0],"7":[0,0]}}
,"/Users/sschepis/ai-assistant/src/assistant/script/cleanupManager.ts": {"path":"/Users/sschepis/ai-assistant/src/assistant/script/cleanupManager.ts","statementMap":{"0":{"start":{"line":4,"column":0},"end":{"line":4,"column":64}},"1":{"start":{"line":8,"column":23},"end":{"line":8,"column":55}},"2":{"start":{"line":9,"column":24},"end":{"line":9,"column":34}},"3":{"start":{"line":11,"column":4},"end":{"line":19,"column":5}},"4":{"start":{"line":12,"column":22},"end":{"line":12,"column":70}},"5":{"start":{"line":13,"column":6},"end":{"line":18,"column":7}},"6":{"start":{"line":14,"column":39},"end":{"line":14,"column":124}},"7":{"start":{"line":15,"column":8},"end":{"line":17,"column":9}},"8":{"start":{"line":16,"column":10},"end":{"line":16,"column":57}},"9":{"start":{"line":23,"column":4},"end":{"line":23,"column":113}},"10":{"start":{"line":6,"column":0},"end":{"line":6,"column":13}}},"fnMap":{"0":{"name":"(anonymous_7)","decl":{"start":{"line":7,"column":2},"end":{"line":7,"column":8}},"loc":{"start":{"line":7,"column":62},"end":{"line":20,"column":null}}},"1":{"name":"(anonymous_9)","decl":{"start":{"line":22,"column":10},"end":{"line":22,"column":16}},"loc":{"start":{"line":22,"column":77},"end":{"line":24,"column":null}}}},"branchMap":{"0":{"loc":{"start":{"line":13,"column":6},"end":{"line":18,"column":7}},"type":"if","locations":[{"start":{"line":13,"column":6},"end":{"line":18,"column":7}}]},"1":{"loc":{"start":{"line":15,"column":8},"end":{"line":17,"column":9}},"type":"if","locations":[{"start":{"line":15,"column":8},"end":{"line":17,"column":9}}]},"2":{"loc":{"start":{"line":15,"column":12},"end":{"line":15,"column":69}},"type":"binary-expr","locations":[{"start":{"line":15,"column":12},"end":{"line":15,"column":39}},{"start":{"line":15,"column":43},"end":{"line":15,"column":69}}]}},"s":{"0":1,"1":0,"2":0,"3":0,"4":0,"5":0,"6":0,"7":0,"8":0,"9":0,"10":1},"f":{"0":0,"1":0},"b":{"0":[0],"1":[0],"2":[0,0]}}
,"/Users/sschepis/ai-assistant/src/assistant/script/metadataManager.ts": {"path":"/Users/sschepis/ai-assistant/src/assistant/script/metadataManager.ts","statementMap":{"0":{"start":{"line":18,"column":19},"end":{"line":18,"column":57}},"1":{"start":{"line":19,"column":4},"end":{"line":29,"column":5}},"2":{"start":{"line":20,"column":25},"end":{"line":25,"column":null}},"3":{"start":{"line":28,"column":6},"end":{"line":28,"column":112}},"4":{"start":{"line":33,"column":19},"end":{"line":33,"column":57}},"5":{"start":{"line":34,"column":4},"end":{"line":34,"column":43}},"6":{"start":{"line":38,"column":19},"end":{"line":38,"column":57}},"7":{"start":{"line":39,"column":4},"end":{"line":49,"column":5}},"8":{"start":{"line":40,"column":25},"end":{"line":45,"column":null}},"9":{"start":{"line":48,"column":6},"end":{"line":48,"column":112}},"10":{"start":{"line":53,"column":19},"end":{"line":53,"column":57}},"11":{"start":{"line":54,"column":4},"end":{"line":64,"column":5}},"12":{"start":{"line":55,"column":25},"end":{"line":61,"column":null}},"13":{"start":{"line":63,"column":6},"end":{"line":63,"column":112}},"14":{"start":{"line":16,"column":0},"end":{"line":16,"column":13}}},"fnMap":{"0":{"name":"(anonymous_7)","decl":{"start":{"line":17,"column":2},"end":{"line":17,"column":8}},"loc":{"start":{"line":17,"column":108},"end":{"line":30,"column":null}}},"1":{"name":"(anonymous_9)","decl":{"start":{"line":32,"column":2},"end":{"line":32,"column":8}},"loc":{"start":{"line":32,"column":73},"end":{"line":35,"column":null}}},"2":{"name":"(anonymous_11)","decl":{"start":{"line":37,"column":2},"end":{"line":37,"column":8}},"loc":{"start":{"line":37,"column":111},"end":{"line":50,"column":null}}},"3":{"name":"(anonymous_13)","decl":{"start":{"line":52,"column":2},"end":{"line":52,"column":8}},"loc":{"start":{"line":52,"column":76},"end":{"line":65,"column":null}}}},"branchMap":{"0":{"loc":{"start":{"line":19,"column":4},"end":{"line":29,"column":5}},"type":"if","locations":[{"start":{"line":19,"column":4},"end":{"line":29,"column":5}}]},"1":{"loc":{"start":{"line":34,"column":11},"end":{"line":34,"column":42}},"type":"cond-expr","locations":[{"start":{"line":34,"column":20},"end":{"line":34,"column":35}},{"start":{"line":34,"column":38},"end":{"line":34,"column":42}}]},"2":{"loc":{"start":{"line":39,"column":4},"end":{"line":49,"column":5}},"type":"if","locations":[{"start":{"line":39,"column":4},"end":{"line":49,"column":5}}]},"3":{"loc":{"start":{"line":54,"column":4},"end":{"line":64,"column":5}},"type":"if","locations":[{"start":{"line":54,"column":4},"end":{"line":64,"column":5}}]}},"s":{"0":0,"1":0,"2":0,"3":0,"4":0,"5":0,"6":0,"7":0,"8":0,"9":0,"10":0,"11":0,"12":0,"13":0,"14":1},"f":{"0":0,"1":0,"2":0,"3":0},"b":{"0":[0],"1":[0,0],"2":[0],"3":[0]}}
,"/Users/sschepis/ai-assistant/src/assistant/script/performanceMonitor.ts": {"path":"/Users/sschepis/ai-assistant/src/assistant/script/performanceMonitor.ts","statementMap":{"0":{"start":{"line":10,"column":21},"end":{"line":15,"column":8}},"1":{"start":{"line":17,"column":6},"end":{"line":17,"column":30}},"2":{"start":{"line":18,"column":6},"end":{"line":18,"column":49}},"3":{"start":{"line":19,"column":6},"end":{"line":19,"column":86}},"4":{"start":{"line":20,"column":6},"end":{"line":20,"column":44}},"5":{"start":{"line":22,"column":6},"end":{"line":22,"column":43}},"6":{"start":{"line":26,"column":6},"end":{"line":26,"column":42}},"7":{"start":{"line":30,"column":6},"end":{"line":30,"column":26}},"8":{"start":{"line":1,"column":0},"end":{"line":1,"column":13}},"9":{"start":{"line":2,"column":19},"end":{"line":7,"column":19}}},"fnMap":{"0":{"name":"(anonymous_0)","decl":{"start":{"line":9,"column":4},"end":{"line":9,"column":10}},"loc":{"start":{"line":9,"column":68},"end":{"line":23,"column":5}}},"1":{"name":"(anonymous_1)","decl":{"start":{"line":25,"column":4},"end":{"line":25,"column":10}},"loc":{"start":{"line":25,"column":40},"end":{"line":27,"column":5}}},"2":{"name":"(anonymous_2)","decl":{"start":{"line":29,"column":4},"end":{"line":29,"column":10}},"loc":{"start":{"line":29,"column":24},"end":{"line":31,"column":5}}}},"branchMap":{"0":{"loc":{"start":{"line":10,"column":21},"end":{"line":15,"column":8}},"type":"binary-expr","locations":[{"start":{"line":10,"column":21},"end":{"line":10,"column":49}},{"start":{"line":10,"column":53},"end":{"line":15,"column":8}}]}},"s":{"0":9,"1":9,"2":9,"3":9,"4":9,"5":9,"6":5,"7":2,"8":2,"9":2},"f":{"0":9,"1":5,"2":2},"b":{"0":[9,7]}}
,"/Users/sschepis/ai-assistant/src/assistant/script/scriptManager.ts": {"path":"/Users/sschepis/ai-assistant/src/assistant/script/scriptManager.ts","statementMap":{"0":{"start":{"line":2,"column":0},"end":{"line":2,"column":46}},"1":{"start":{"line":3,"column":0},"end":{"line":3,"column":64}},"2":{"start":{"line":4,"column":0},"end":{"line":4,"column":56}},"3":{"start":{"line":5,"column":0},"end":{"line":5,"column":68}},"4":{"start":{"line":10,"column":22},"end":{"line":10,"column":48}},"5":{"start":{"line":14,"column":4},"end":{"line":14,"column":71}},"6":{"start":{"line":18,"column":4},"end":{"line":18,"column":50}},"7":{"start":{"line":22,"column":4},"end":{"line":22,"column":72}},"8":{"start":{"line":26,"column":4},"end":{"line":26,"column":71}},"9":{"start":{"line":30,"column":4},"end":{"line":30,"column":79}},"10":{"start":{"line":34,"column":4},"end":{"line":34,"column":76}},"11":{"start":{"line":38,"column":4},"end":{"line":38,"column":82}},"12":{"start":{"line":42,"column":4},"end":{"line":42,"column":72}},"13":{"start":{"line":46,"column":4},"end":{"line":46,"column":59}},"14":{"start":{"line":50,"column":4},"end":{"line":50,"column":52}},"15":{"start":{"line":8,"column":0},"end":{"line":8,"column":13}}},"fnMap":{"0":{"name":"(anonymous_7)","decl":{"start":{"line":10,"column":2},"end":{"line":10,"column":22}},"loc":{"start":{"line":10,"column":48},"end":{"line":11,"column":3}}},"1":{"name":"(anonymous_8)","decl":{"start":{"line":13,"column":8},"end":{"line":13,"column":18}},"loc":{"start":{"line":13,"column":18},"end":{"line":15,"column":null}}},"2":{"name":"(anonymous_10)","decl":{"start":{"line":17,"column":8},"end":{"line":17,"column":22}},"loc":{"start":{"line":17,"column":37},"end":{"line":19,"column":null}}},"3":{"name":"(anonymous_12)","decl":{"start":{"line":21,"column":2},"end":{"line":21,"column":17}},"loc":{"start":{"line":21,"column":59},"end":{"line":23,"column":3}}},"4":{"name":"(anonymous_13)","decl":{"start":{"line":25,"column":8},"end":{"line":25,"column":28}},"loc":{"start":{"line":25,"column":28},"end":{"line":27,"column":null}}},"5":{"name":"(anonymous_15)","decl":{"start":{"line":29,"column":8},"end":{"line":29,"column":19}},"loc":{"start":{"line":29,"column":73},"end":{"line":31,"column":null}}},"6":{"name":"(anonymous_17)","decl":{"start":{"line":33,"column":8},"end":{"line":33,"column":19}},"loc":{"start":{"line":33,"column":38},"end":{"line":35,"column":null}}},"7":{"name":"(anonymous_19)","decl":{"start":{"line":37,"column":8},"end":{"line":37,"column":22}},"loc":{"start":{"line":37,"column":76},"end":{"line":39,"column":null}}},"8":{"name":"(anonymous_21)","decl":{"start":{"line":41,"column":8},"end":{"line":41,"column":22}},"loc":{"start":{"line":41,"column":41},"end":{"line":43,"column":null}}},"9":{"name":"(anonymous_23)","decl":{"start":{"line":45,"column":2},"end":{"line":45,"column":12}},"loc":{"start":{"line":45,"column":31},"end":{"line":47,"column":3}}},"10":{"name":"(anonymous_24)","decl":{"start":{"line":49,"column":2},"end":{"line":49,"column":15}},"loc":{"start":{"line":49,"column":15},"end":{"line":51,"column":3}}}},"branchMap":{},"s":{"0":1,"1":1,"2":1,"3":1,"4":10,"5":1,"6":1,"7":1,"8":1,"9":1,"10":1,"11":1,"12":1,"13":1,"14":1,"15":1},"f":{"0":10,"1":1,"2":1,"3":1,"4":1,"5":1,"6":1,"7":1,"8":1,"9":1,"10":1},"b":{}}
,"/Users/sschepis/ai-assistant/src/assistant/script/validator.ts": {"path":"/Users/sschepis/ai-assistant/src/assistant/script/validator.ts","statementMap":{"0":{"start":{"line":1,"column":0},"end":{"line":1,"column":26}},"1":{"start":{"line":5,"column":33},"end":{"line":5,"column":73}},"2":{"start":{"line":6,"column":4},"end":{"line":6,"column":50}},"3":{"start":{"line":6,"column":37},"end":{"line":6,"column":50}},"4":{"start":{"line":8,"column":26},"end":{"line":8,"column":57}},"5":{"start":{"line":9,"column":4},"end":{"line":9,"column":43}},"6":{"start":{"line":9,"column":30},"end":{"line":9,"column":43}},"7":{"start":{"line":11,"column":4},"end":{"line":11,"column":16}},"8":{"start":{"line":17,"column":4},"end":{"line":17,"column":27}},"9":{"start":{"line":21,"column":20},"end":{"line":24,"column":6}},"10":{"start":{"line":26,"column":4},"end":{"line":32,"column":5}},"11":{"start":{"line":27,"column":6},"end":{"line":27,"column":26}},"12":{"start":{"line":28,"column":6},"end":{"line":28,"column":29}},"13":{"start":{"line":30,"column":6},"end":{"line":30,"column":66}},"14":{"start":{"line":31,"column":6},"end":{"line":31,"column":53}},"15":{"start":{"line":3,"column":0},"end":{"line":3,"column":13}}},"fnMap":{"0":{"name":"(anonymous_13)","decl":{"start":{"line":4,"column":2},"end":{"line":4,"column":8}},"loc":{"start":{"line":4,"column":38},"end":{"line":12,"column":null}}},"1":{"name":"(anonymous_15)","decl":{"start":{"line":14,"column":10},"end":{"line":14,"column":16}},"loc":{"start":{"line":14,"column":59},"end":{"line":18,"column":null}}},"2":{"name":"(anonymous_17)","decl":{"start":{"line":20,"column":10},"end":{"line":20,"column":16}},"loc":{"start":{"line":20,"column":50},"end":{"line":33,"column":null}}}},"branchMap":{"0":{"loc":{"start":{"line":6,"column":4},"end":{"line":6,"column":50}},"type":"if","locations":[{"start":{"line":6,"column":4},"end":{"line":6,"column":50}}]},"1":{"loc":{"start":{"line":9,"column":4},"end":{"line":9,"column":43}},"type":"if","locations":[{"start":{"line":9,"column":4},"end":{"line":9,"column":43}}]}},"s":{"0":2,"1":2,"2":2,"3":0,"4":2,"5":2,"6":1,"7":1,"8":2,"9":2,"10":2,"11":2,"12":1,"13":1,"14":1,"15":2},"f":{"0":2,"1":2,"2":2},"b":{"0":[0],"1":[1]}}
,"/Users/sschepis/ai-assistant/src/models/config.ts": {"path":"/Users/sschepis/ai-assistant/src/models/config.ts","statementMap":{"0":{"start":{"line":28,"column":13},"end":{"line":58,"column":2}},"1":{"start":{"line":65,"column":4},"end":{"line":65,"column":32}},"2":{"start":{"line":69,"column":4},"end":{"line":71,"column":5}},"3":{"start":{"line":70,"column":6},"end":{"line":70,"column":51}},"4":{"start":{"line":72,"column":4},"end":{"line":72,"column":34}},"5":{"start":{"line":76,"column":4},"end":{"line":76,"column":51}},"6":{"start":{"line":80,"column":4},"end":{"line":80,"column":23}},"7":{"start":{"line":60,"column":0},"end":{"line":60,"column":13}}},"fnMap":{"0":{"name":"(anonymous_0)","decl":{"start":{"line":64,"column":2},"end":{"line":64,"column":null}},"loc":{"start":{"line":64,"column":2},"end":{"line":66,"column":3}}},"1":{"name":"(anonymous_1)","decl":{"start":{"line":68,"column":2},"end":{"line":68,"column":8}},"loc":{"start":{"line":68,"column":20},"end":{"line":73,"column":3}}},"2":{"name":"(anonymous_2)","decl":{"start":{"line":75,"column":2},"end":{"line":75,"column":14}},"loc":{"start":{"line":75,"column":46},"end":{"line":77,"column":3}}},"3":{"name":"(anonymous_3)","decl":{"start":{"line":79,"column":2},"end":{"line":79,"column":11}},"loc":{"start":{"line":79,"column":11},"end":{"line":81,"column":3}}}},"branchMap":{"0":{"loc":{"start":{"line":69,"column":4},"end":{"line":71,"column":5}},"type":"if","locations":[{"start":{"line":69,"column":4},"end":{"line":71,"column":5}}]}},"s":{"0":1,"1":3,"2":0,"3":0,"4":0,"5":2,"6":5,"7":1},"f":{"0":3,"1":0,"2":2,"3":5},"b":{"0":[0]}}
}
