{"/Users/sschepis/ai-assistant/src/assistant/conversation/conversation.ts": {"path":"/Users/sschepis/ai-assistant/src/assistant/conversation/conversation.ts","statementMap":{"0":{"start":{"line":3,"column":0},"end":{"line":3,"column":59}},"1":{"start":{"line":4,"column":0},"end":{"line":4,"column":50}},"2":{"start":{"line":13,"column":4},"end":{"line":13,"column":37}},"3":{"start":{"line":15,"column":4},"end":{"line":17,"column":5}},"4":{"start":{"line":16,"column":6},"end":{"line":16,"column":86}},"5":{"start":{"line":20,"column":4},"end":{"line":20,"column":43}},"6":{"start":{"line":21,"column":4},"end":{"line":21,"column":73}},"7":{"start":{"line":23,"column":4},"end":{"line":33,"column":5}},"8":{"start":{"line":24,"column":6},"end":{"line":27,"column":9}},"9":{"start":{"line":29,"column":6},"end":{"line":32,"column":9}},"10":{"start":{"line":41,"column":20},"end":{"line":41,"column":27}},"11":{"start":{"line":42,"column":4},"end":{"line":44,"column":5}},"12":{"start":{"line":43,"column":6},"end":{"line":43,"column":63}},"13":{"start":{"line":46,"column":4},"end":{"line":50,"column":5}},"14":{"start":{"line":47,"column":6},"end":{"line":47,"column":52}},"15":{"start":{"line":49,"column":6},"end":{"line":49,"column":59}},"16":{"start":{"line":58,"column":54},"end":{"line":58,"column":61}},"17":{"start":{"line":59,"column":4},"end":{"line":61,"column":5}},"18":{"start":{"line":60,"column":6},"end":{"line":60,"column":null}},"19":{"start":{"line":62,"column":4},"end":{"line":89,"column":5}},"20":{"start":{"line":63,"column":19},"end":{"line":63,"column":49}},"21":{"start":{"line":64,"column":6},"end":{"line":67,"column":7}},"22":{"start":{"line":65,"column":8},"end":{"line":65,"column":78}},"23":{"start":{"line":66,"column":8},"end":{"line":66,"column":25}},"24":{"start":{"line":68,"column":6},"end":{"line":70,"column":7}},"25":{"start":{"line":69,"column":8},"end":{"line":69,"column":64}},"26":{"start":{"line":71,"column":19},"end":{"line":77,"column":8}},"27":{"start":{"line":78,"column":6},"end":{"line":84,"column":7}},"28":{"start":{"line":79,"column":8},"end":{"line":83,"column":9}},"29":{"start":{"line":80,"column":8},"end":{"line":80,"column":52}},"30":{"start":{"line":82,"column":10},"end":{"line":82,"column":42}},"31":{"start":{"line":85,"column":6},"end":{"line":85,"column":20}},"32":{"start":{"line":87,"column":6},"end":{"line":87,"column":27}},"33":{"start":{"line":88,"column":6},"end":{"line":88,"column":19}},"34":{"start":{"line":93,"column":40},"end":{"line":93,"column":47}},"35":{"start":{"line":94,"column":28},"end":{"line":96,"column":6}},"36":{"start":{"line":97,"column":19},"end":{"line":97,"column":92}},"37":{"start":{"line":97,"column":43},"end":{"line":97,"column":80}},"38":{"start":{"line":99,"column":17},"end":{"line":102,"column":6}},"39":{"start":{"line":104,"column":28},"end":{"line":104,"column":47}},"40":{"start":{"line":105,"column":4},"end":{"line":105,"column":27}},"41":{"start":{"line":6,"column":0},"end":{"line":6,"column":21}}},"fnMap":{"0":{"name":"(anonymous_7)","decl":{"start":{"line":12,"column":2},"end":{"line":12,"column":14}},"loc":{"start":{"line":12,"column":24},"end":{"line":34,"column":3}}},"1":{"name":"(anonymous_8)","decl":{"start":{"line":36,"column":8},"end":{"line":36,"column":12}},"loc":{"start":{"line":40,"column":33},"end":{"line":51,"column":null}}},"2":{"name":"(anonymous_10)","decl":{"start":{"line":53,"column":8},"end":{"line":53,"column":22}},"loc":{"start":{"line":57,"column":3},"end":{"line":90,"column":null}}},"3":{"name":"(anonymous_12)","decl":{"start":{"line":92,"column":8},"end":{"line":92,"column":22}},"loc":{"start":{"line":92,"column":90},"end":{"line":106,"column":null}}},"4":{"name":"(anonymous_14)","decl":{"start":{"line":97,"column":32},"end":{"line":97,"column":39}},"loc":{"start":{"line":97,"column":43},"end":{"line":97,"column":80}}}},"branchMap":{"0":{"loc":{"start":{"line":15,"column":4},"end":{"line":17,"column":5}},"type":"if","locations":[{"start":{"line":15,"column":4},"end":{"line":17,"column":5}}]},"1":{"loc":{"start":{"line":15,"column":8},"end":{"line":15,"column":58}},"type":"binary-expr","locations":[{"start":{"line":15,"column":8},"end":{"line":15,"column":31}},{"start":{"line":15,"column":35},"end":{"line":15,"column":58}}]},"2":{"loc":{"start":{"line":21,"column":20},"end":{"line":21,"column":72}},"type":"cond-expr","locations":[{"start":{"line":21,"column":46},"end":{"line":21,"column":56}},{"start":{"line":21,"column":59},"end":{"line":21,"column":72}}]},"3":{"loc":{"start":{"line":23,"column":4},"end":{"line":33,"column":5}},"type":"if","locations":[{"start":{"line":23,"column":4},"end":{"line":33,"column":5}},{"start":{"line":28,"column":11},"end":{"line":33,"column":5}}]},"4":{"loc":{"start":{"line":36,"column":30},"end":{"line":40,"column":5}},"type":"default-arg","locations":[{"start":{"line":36,"column":40},"end":{"line":40,"column":5}}]},"5":{"loc":{"start":{"line":40,"column":5},"end":{"line":40,"column":33}},"type":"default-arg","locations":[{"start":{"line":40,"column":13},"end":{"line":40,"column":33}}]},"6":{"loc":{"start":{"line":42,"column":4},"end":{"line":44,"column":5}},"type":"if","locations":[{"start":{"line":42,"column":4},"end":{"line":44,"column":5}}]},"7":{"loc":{"start":{"line":46,"column":4},"end":{"line":50,"column":5}},"type":"if","locations":[{"start":{"line":46,"column":4},"end":{"line":50,"column":5}},{"start":{"line":48,"column":11},"end":{"line":50,"column":5}}]},"8":{"loc":{"start":{"line":53,"column":40},"end":{"line":57,"column":null}},"type":"default-arg","locations":[{"start":{"line":53,"column":50},"end":{"line":57,"column":null}}]},"9":{"loc":{"start":{"line":59,"column":4},"end":{"line":61,"column":5}},"type":"if","locations":[{"start":{"line":59,"column":4},"end":{"line":61,"column":5}}]},"10":{"loc":{"start":{"line":64,"column":6},"end":{"line":67,"column":7}},"type":"if","locations":[{"start":{"line":64,"column":6},"end":{"line":67,"column":7}}]},"11":{"loc":{"start":{"line":65,"column":40},"end":{"line":65,"column":76}},"type":"cond-expr","locations":[{"start":{"line":65,"column":57},"end":{"line":65,"column":71}},{"start":{"line":65,"column":74},"end":{"line":65,"column":76}}]},"12":{"loc":{"start":{"line":68,"column":6},"end":{"line":70,"column":7}},"type":"if","locations":[{"start":{"line":68,"column":6},"end":{"line":70,"column":7}}]},"13":{"loc":{"start":{"line":75,"column":20},"end":{"line":75,"column":38}},"type":"binary-expr","locations":[{"start":{"line":75,"column":20},"end":{"line":75,"column":30}},{"start":{"line":75,"column":34},"end":{"line":75,"column":38}}]},"14":{"loc":{"start":{"line":78,"column":6},"end":{"line":84,"column":7}},"type":"if","locations":[{"start":{"line":78,"column":6},"end":{"line":84,"column":7}}]},"15":{"loc":{"start":{"line":92,"column":54},"end":{"line":92,"column":90}},"type":"default-arg","locations":[{"start":{"line":92,"column":70},"end":{"line":92,"column":90}}]}},"s":{"0":1,"1":1,"2":0,"3":0,"4":0,"5":0,"6":0,"7":0,"8":0,"9":0,"10":0,"11":0,"12":0,"13":0,"14":0,"15":0,"16":0,"17":0,"18":0,"19":0,"20":0,"21":0,"22":0,"23":0,"24":0,"25":0,"26":0,"27":0,"28":0,"29":0,"30":0,"31":0,"32":0,"33":0,"34":0,"35":0,"36":0,"37":0,"38":0,"39":0,"40":0,"41":1},"f":{"0":0,"1":0,"2":0,"3":0,"4":0},"b":{"0":[0],"1":[0,0],"2":[0,0],"3":[0,0],"4":[0],"5":[0],"6":[0],"7":[0,0],"8":[0],"9":[0],"10":[0],"11":[0,0],"12":[0],"13":[0,0],"14":[0],"15":[0]}}
,"/Users/sschepis/ai-assistant/src/assistant/conversation/conversationService.ts": {"path":"/Users/sschepis/ai-assistant/src/assistant/conversation/conversationService.ts","statementMap":{"0":{"start":{"line":2,"column":0},"end":{"line":2,"column":42}},"1":{"start":{"line":8,"column":4},"end":{"line":8,"column":48}},"2":{"start":{"line":12,"column":4},"end":{"line":18,"column":5}},"3":{"start":{"line":13,"column":23},"end":{"line":13,"column":77}},"4":{"start":{"line":14,"column":6},"end":{"line":14,"column":22}},"5":{"start":{"line":16,"column":6},"end":{"line":16,"column":53}},"6":{"start":{"line":17,"column":6},"end":{"line":17,"column":18}},"7":{"start":{"line":22,"column":4},"end":{"line":22,"column":48}},"8":{"start":{"line":4,"column":0},"end":{"line":4,"column":13}}},"fnMap":{"0":{"name":"(anonymous_8)","decl":{"start":{"line":7,"column":2},"end":{"line":7,"column":14}},"loc":{"start":{"line":7,"column":38},"end":{"line":9,"column":3}}},"1":{"name":"(anonymous_9)","decl":{"start":{"line":11,"column":8},"end":{"line":11,"column":12}},"loc":{"start":{"line":11,"column":85},"end":{"line":19,"column":null}}},"2":{"name":"(anonymous_11)","decl":{"start":{"line":21,"column":2},"end":{"line":21,"column":10}},"loc":{"start":{"line":21,"column":24},"end":{"line":23,"column":3}}}},"branchMap":{"0":{"loc":{"start":{"line":7,"column":14},"end":{"line":7,"column":38}},"type":"default-arg","locations":[{"start":{"line":7,"column":30},"end":{"line":7,"column":38}}]},"1":{"loc":{"start":{"line":11,"column":30},"end":{"line":11,"column":47}},"type":"default-arg","locations":[{"start":{"line":11,"column":45},"end":{"line":11,"column":47}}]},"2":{"loc":{"start":{"line":11,"column":49},"end":{"line":11,"column":85}},"type":"default-arg","locations":[{"start":{"line":11,"column":65},"end":{"line":11,"column":85}}]}},"s":{"0":1,"1":0,"2":0,"3":0,"4":0,"5":0,"6":0,"7":0,"8":1},"f":{"0":0,"1":0,"2":0},"b":{"0":[0],"1":[0],"2":[0]}}
,"/Users/sschepis/ai-assistant/src/assistant/logging/config.ts": {"path":"/Users/sschepis/ai-assistant/src/assistant/logging/config.ts","statementMap":{"0":{"start":{"line":2,"column":0},"end":{"line":2,"column":30}},"1":{"start":{"line":4,"column":13},"end":{"line":20,"column":2}}},"fnMap":{},"branchMap":{},"s":{"0":3,"1":3},"f":{},"b":{}}
,"/Users/sschepis/ai-assistant/src/assistant/logging/logger.ts": {"path":"/Users/sschepis/ai-assistant/src/assistant/logging/logger.ts","statementMap":{"0":{"start":{"line":2,"column":0},"end":{"line":2,"column":30}},"1":{"start":{"line":4,"column":0},"end":{"line":4,"column":41}},"2":{"start":{"line":7,"column":18},"end":{"line":14,"column":2}},"3":{"start":{"line":17,"column":18},"end":{"line":24,"column":2}},"4":{"start":{"line":30,"column":4},"end":{"line":40,"column":7}},"5":{"start":{"line":44,"column":4},"end":{"line":44,"column":42}},"6":{"start":{"line":48,"column":4},"end":{"line":48,"column":51}},"7":{"start":{"line":52,"column":4},"end":{"line":52,"column":36}},"8":{"start":{"line":56,"column":4},"end":{"line":56,"column":36}},"9":{"start":{"line":60,"column":4},"end":{"line":60,"column":37}},"10":{"start":{"line":64,"column":4},"end":{"line":64,"column":30}},"11":{"start":{"line":68,"column":4},"end":{"line":68,"column":31}},"12":{"start":{"line":72,"column":4},"end":{"line":72,"column":34}},"13":{"start":{"line":26,"column":0},"end":{"line":26,"column":13}},"14":{"start":{"line":76,"column":13},"end":{"line":76,"column":51}},"15":{"start":{"line":80,"column":2},"end":{"line":80,"column":50}},"16":{"start":{"line":79,"column":0},"end":{"line":79,"column":16}}},"fnMap":{"0":{"name":"(anonymous_1)","decl":{"start":{"line":29,"column":2},"end":{"line":29,"column":null}},"loc":{"start":{"line":29,"column":2},"end":{"line":41,"column":3}}},"1":{"name":"(anonymous_2)","decl":{"start":{"line":43,"column":2},"end":{"line":43,"column":5}},"loc":{"start":{"line":43,"column":48},"end":{"line":45,"column":3}}},"2":{"name":"(anonymous_3)","decl":{"start":{"line":47,"column":2},"end":{"line":47,"column":7}},"loc":{"start":{"line":47,"column":49},"end":{"line":49,"column":3}}},"3":{"name":"(anonymous_4)","decl":{"start":{"line":51,"column":2},"end":{"line":51,"column":6}},"loc":{"start":{"line":51,"column":34},"end":{"line":53,"column":3}}},"4":{"name":"(anonymous_5)","decl":{"start":{"line":55,"column":2},"end":{"line":55,"column":6}},"loc":{"start":{"line":55,"column":34},"end":{"line":57,"column":3}}},"5":{"name":"(anonymous_6)","decl":{"start":{"line":59,"column":2},"end":{"line":59,"column":7}},"loc":{"start":{"line":59,"column":35},"end":{"line":61,"column":3}}},"6":{"name":"(anonymous_7)","decl":{"start":{"line":63,"column":2},"end":{"line":63,"column":13}},"loc":{"start":{"line":63,"column":27},"end":{"line":65,"column":3}}},"7":{"name":"(anonymous_8)","decl":{"start":{"line":67,"column":2},"end":{"line":67,"column":14}},"loc":{"start":{"line":67,"column":43},"end":{"line":69,"column":3}}},"8":{"name":"(anonymous_9)","decl":{"start":{"line":71,"column":2},"end":{"line":71,"column":17}},"loc":{"start":{"line":71,"column":46},"end":{"line":73,"column":3}}},"9":{"name":"log","decl":{"start":{"line":79,"column":16},"end":{"line":79,"column":19}},"loc":{"start":{"line":79,"column":68},"end":{"line":81,"column":1}}}},"branchMap":{},"s":{"0":3,"1":3,"2":3,"3":3,"4":3,"5":0,"6":0,"7":0,"8":4,"9":0,"10":0,"11":0,"12":0,"13":3,"14":3,"15":0,"16":3},"f":{"0":3,"1":0,"2":0,"3":0,"4":4,"5":0,"6":0,"7":0,"8":0,"9":0},"b":{}}
,"/Users/sschepis/ai-assistant/src/assistant/metrics/metricsService.ts": {"path":"/Users/sschepis/ai-assistant/src/assistant/metrics/metricsService.ts","statementMap":{"0":{"start":{"line":2,"column":0},"end":{"line":2,"column":20}},"1":{"start":{"line":3,"column":0},"end":{"line":3,"column":24}},"2":{"start":{"line":21,"column":4},"end":{"line":21,"column":43}},"3":{"start":{"line":22,"column":4},"end":{"line":22,"column":29}},"4":{"start":{"line":23,"column":4},"end":{"line":23,"column":23}},"5":{"start":{"line":27,"column":4},"end":{"line":31,"column":5}},"6":{"start":{"line":28,"column":19},"end":{"line":28,"column":64}},"7":{"start":{"line":29,"column":26},"end":{"line":29,"column":42}},"8":{"start":{"line":30,"column":6},"end":{"line":30,"column":58}},"9":{"start":{"line":35,"column":24},"end":{"line":35,"column":56}},"10":{"start":{"line":36,"column":4},"end":{"line":36,"column":81}},"11":{"start":{"line":40,"column":16},"end":{"line":40,"column":40}},"12":{"start":{"line":41,"column":4},"end":{"line":50,"column":7}},"13":{"start":{"line":51,"column":4},"end":{"line":51,"column":23}},"14":{"start":{"line":55,"column":20},"end":{"line":55,"column":46}},"15":{"start":{"line":56,"column":4},"end":{"line":59,"column":5}},"16":{"start":{"line":57,"column":6},"end":{"line":57,"column":56}},"17":{"start":{"line":58,"column":6},"end":{"line":58,"column":25}},"18":{"start":{"line":63,"column":20},"end":{"line":63,"column":46}},"19":{"start":{"line":64,"column":4},"end":{"line":74,"column":5}},"20":{"start":{"line":65,"column":6},"end":{"line":65,"column":27}},"21":{"start":{"line":66,"column":6},"end":{"line":66,"column":50}},"22":{"start":{"line":67,"column":6},"end":{"line":67,"column":32}},"23":{"start":{"line":68,"column":6},"end":{"line":70,"column":7}},"24":{"start":{"line":69,"column":8},"end":{"line":69,"column":39}},"25":{"start":{"line":71,"column":6},"end":{"line":71,"column":90}},"26":{"start":{"line":72,"column":6},"end":{"line":72,"column":83}},"27":{"start":{"line":73,"column":6},"end":{"line":73,"column":25}},"28":{"start":{"line":78,"column":4},"end":{"line":78,"column":34}},"29":{"start":{"line":79,"column":4},"end":{"line":79,"column":23}},"30":{"start":{"line":83,"column":4},"end":{"line":83,"column":38}},"31":{"start":{"line":87,"column":4},"end":{"line":87,"column":33}},"32":{"start":{"line":91,"column":17},"end":{"line":91,"column":62}},"33":{"start":{"line":92,"column":4},"end":{"line":100,"column":5}},"34":{"start":{"line":93,"column":6},"end":{"line":93,"column":38}},"35":{"start":{"line":94,"column":6},"end":{"line":94,"column":53}},"36":{"start":{"line":95,"column":6},"end":{"line":95,"column":62}},"37":{"start":{"line":96,"column":6},"end":{"line":96,"column":57}},"38":{"start":{"line":97,"column":6},"end":{"line":97,"column":91}},"39":{"start":{"line":98,"column":6},"end":{"line":98,"column":79}},"40":{"start":{"line":99,"column":6},"end":{"line":99,"column":69}},"41":{"start":{"line":101,"column":4},"end":{"line":101,"column":18}},"42":{"start":{"line":16,"column":0},"end":{"line":16,"column":13}}},"fnMap":{"0":{"name":"(anonymous_1)","decl":{"start":{"line":20,"column":2},"end":{"line":20,"column":14}},"loc":{"start":{"line":20,"column":82},"end":{"line":24,"column":3}}},"1":{"name":"(anonymous_2)","decl":{"start":{"line":26,"column":10},"end":{"line":26,"column":21}},"loc":{"start":{"line":26,"column":21},"end":{"line":32,"column":3}}},"2":{"name":"(anonymous_3)","decl":{"start":{"line":34,"column":10},"end":{"line":34,"column":21}},"loc":{"start":{"line":34,"column":21},"end":{"line":37,"column":3}}},"3":{"name":"(anonymous_4)","decl":{"start":{"line":39,"column":2},"end":{"line":39,"column":20}},"loc":{"start":{"line":39,"column":37},"end":{"line":52,"column":3}}},"4":{"name":"(anonymous_5)","decl":{"start":{"line":54,"column":2},"end":{"line":54,"column":18}},"loc":{"start":{"line":54,"column":35},"end":{"line":60,"column":3}}},"5":{"name":"(anonymous_6)","decl":{"start":{"line":62,"column":2},"end":{"line":62,"column":17}},"loc":{"start":{"line":62,"column":75},"end":{"line":75,"column":3}}},"6":{"name":"(anonymous_7)","decl":{"start":{"line":77,"column":2},"end":{"line":77,"column":19}},"loc":{"start":{"line":77,"column":36},"end":{"line":80,"column":3}}},"7":{"name":"(anonymous_8)","decl":{"start":{"line":82,"column":2},"end":{"line":82,"column":16}},"loc":{"start":{"line":82,"column":33},"end":{"line":84,"column":3}}},"8":{"name":"(anonymous_9)","decl":{"start":{"line":86,"column":2},"end":{"line":86,"column":15}},"loc":{"start":{"line":86,"column":15},"end":{"line":88,"column":3}}},"9":{"name":"(anonymous_10)","decl":{"start":{"line":90,"column":2},"end":{"line":90,"column":16}},"loc":{"start":{"line":90,"column":16},"end":{"line":102,"column":3}}}},"branchMap":{"0":{"loc":{"start":{"line":20,"column":14},"end":{"line":20,"column":82}},"type":"default-arg","locations":[{"start":{"line":20,"column":40},"end":{"line":20,"column":82}}]},"1":{"loc":{"start":{"line":27,"column":4},"end":{"line":31,"column":5}},"type":"if","locations":[{"start":{"line":27,"column":4},"end":{"line":31,"column":5}}]},"2":{"loc":{"start":{"line":56,"column":4},"end":{"line":59,"column":5}},"type":"if","locations":[{"start":{"line":56,"column":4},"end":{"line":59,"column":5}}]},"3":{"loc":{"start":{"line":64,"column":4},"end":{"line":74,"column":5}},"type":"if","locations":[{"start":{"line":64,"column":4},"end":{"line":74,"column":5}}]},"4":{"loc":{"start":{"line":68,"column":6},"end":{"line":70,"column":7}},"type":"if","locations":[{"start":{"line":68,"column":6},"end":{"line":70,"column":7}}]}},"s":{"0":1,"1":1,"2":0,"3":0,"4":0,"5":0,"6":0,"7":0,"8":0,"9":0,"10":0,"11":0,"12":0,"13":0,"14":0,"15":0,"16":0,"17":0,"18":0,"19":0,"20":0,"21":0,"22":0,"23":0,"24":0,"25":0,"26":0,"27":0,"28":0,"29":0,"30":0,"31":0,"32":0,"33":0,"34":0,"35":0,"36":0,"37":0,"38":0,"39":0,"40":0,"41":0,"42":1},"f":{"0":0,"1":0,"2":0,"3":0,"4":0,"5":0,"6":0,"7":0,"8":0,"9":0},"b":{"0":[0],"1":[0],"2":[0],"3":[0],"4":[0]}}
,"/Users/sschepis/ai-assistant/src/assistant/prompts/promptService.ts": {"path":"/Users/sschepis/ai-assistant/src/assistant/prompts/promptService.ts","statementMap":{"0":{"start":{"line":11,"column":32},"end":{"line":22,"column":3}},"1":{"start":{"line":12,"column":4},"end":{"line":21,"column":5}},"2":{"start":{"line":13,"column":6},"end":{"line":15,"column":7}},"3":{"start":{"line":14,"column":8},"end":{"line":14,"column":60}},"4":{"start":{"line":16,"column":6},"end":{"line":20,"column":7}},"5":{"start":{"line":17,"column":8},"end":{"line":19,"column":9}},"6":{"start":{"line":18,"column":10},"end":{"line":18,"column":69}},"7":{"start":{"line":23,"column":28},"end":{"line":29,"column":3}},"8":{"start":{"line":24,"column":4},"end":{"line":28,"column":7}},"9":{"start":{"line":25,"column":16},"end":{"line":25,"column":23}},"10":{"start":{"line":26,"column":16},"end":{"line":26,"column":25}},"11":{"start":{"line":27,"column":6},"end":{"line":27,"column":90}},"12":{"start":{"line":30,"column":2},"end":{"line":56,"column":null}},"13":{"start":{"line":30,"column":38},"end":{"line":56,"column":null}},"14":{"start":{"line":31,"column":4},"end":{"line":31,"column":81}},"15":{"start":{"line":32,"column":21},"end":{"line":32,"column":110}},"16":{"start":{"line":33,"column":4},"end":{"line":40,"column":5}},"17":{"start":{"line":34,"column":6},"end":{"line":39,"column":9}},"18":{"start":{"line":41,"column":4},"end":{"line":55,"column":5}},"19":{"start":{"line":42,"column":23},"end":{"line":49,"column":10}},"20":{"start":{"line":50,"column":18},"end":{"line":50,"column":100}},"21":{"start":{"line":51,"column":6},"end":{"line":51,"column":17}},"22":{"start":{"line":53,"column":6},"end":{"line":53,"column":52}},"23":{"start":{"line":54,"column":6},"end":{"line":54,"column":18}},"24":{"start":{"line":5,"column":0},"end":{"line":5,"column":16}},"25":{"start":{"line":60,"column":22},"end":{"line":60,"column":62}},"26":{"start":{"line":60,"column":72},"end":{"line":60,"column":98}},"27":{"start":{"line":69,"column":2},"end":{"line":100,"column":null}},"28":{"start":{"line":80,"column":7},"end":{"line":100,"column":null}},"29":{"start":{"line":81,"column":15},"end":{"line":98,"column":4}},"30":{"start":{"line":99,"column":2},"end":{"line":99,"column":59}},"31":{"start":{"line":108,"column":2},"end":{"line":148,"column":4}},"32":{"start":{"line":118,"column":7},"end":{"line":148,"column":4}},"33":{"start":{"line":119,"column":15},"end":{"line":146,"column":8}},"34":{"start":{"line":147,"column":4},"end":{"line":147,"column":53}},"35":{"start":{"line":151,"column":2},"end":{"line":197,"column":4}},"36":{"start":{"line":159,"column":9},"end":{"line":197,"column":4}},"37":{"start":{"line":160,"column":15},"end":{"line":195,"column":16}},"38":{"start":{"line":196,"column":4},"end":{"line":196,"column":40}},"39":{"start":{"line":199,"column":2},"end":{"line":239,"column":null}},"40":{"start":{"line":209,"column":7},"end":{"line":239,"column":null}},"41":{"start":{"line":210,"column":15},"end":{"line":237,"column":8}},"42":{"start":{"line":238,"column":4},"end":{"line":238,"column":48}},"43":{"start":{"line":59,"column":0},"end":{"line":59,"column":13}}},"fnMap":{"0":{"name":"makePromptFunction","decl":{"start":{"line":5,"column":16},"end":{"line":5,"column":34}},"loc":{"start":{"line":10,"column":23},"end":{"line":57,"column":1}}},"1":{"name":"(anonymous_8)","decl":{"start":{"line":11,"column":32},"end":{"line":11,"column":33}},"loc":{"start":{"line":11,"column":79},"end":{"line":22,"column":3}}},"2":{"name":"(anonymous_9)","decl":{"start":{"line":23,"column":28},"end":{"line":23,"column":29}},"loc":{"start":{"line":23,"column":62},"end":{"line":29,"column":3}}},"3":{"name":"(anonymous_10)","decl":{"start":{"line":24,"column":45},"end":{"line":24,"column":46}},"loc":{"start":{"line":24,"column":83},"end":{"line":28,"column":5}}},"4":{"name":"(anonymous_11)","decl":{"start":{"line":30,"column":9},"end":{"line":30,"column":16}},"loc":{"start":{"line":30,"column":38},"end":{"line":56,"column":null}}},"5":{"name":"(anonymous_12)","decl":{"start":{"line":30,"column":38},"end":{"line":30,"column":null}},"loc":{"start":{"line":30,"column":38},"end":{"line":56,"column":3}}},"6":{"name":"(anonymous_13)","decl":{"start":{"line":60,"column":2},"end":{"line":60,"column":22}},"loc":{"start":{"line":60,"column":98},"end":{"line":60,"column":103}}},"7":{"name":"(anonymous_14)","decl":{"start":{"line":69,"column":23},"end":{"line":69,"column":30}},"loc":{"start":{"line":80,"column":7},"end":{"line":100,"column":null}}},"8":{"name":"(anonymous_15)","decl":{"start":{"line":80,"column":7},"end":{"line":80,"column":null}},"loc":{"start":{"line":80,"column":7},"end":{"line":100,"column":1}}},"9":{"name":"(anonymous_16)","decl":{"start":{"line":108,"column":17},"end":{"line":108,"column":24}},"loc":{"start":{"line":118,"column":7},"end":{"line":148,"column":4}}},"10":{"name":"(anonymous_17)","decl":{"start":{"line":118,"column":7},"end":{"line":118,"column":null}},"loc":{"start":{"line":118,"column":7},"end":{"line":148,"column":3}}},"11":{"name":"(anonymous_18)","decl":{"start":{"line":151,"column":18},"end":{"line":151,"column":25}},"loc":{"start":{"line":159,"column":9},"end":{"line":197,"column":4}}},"12":{"name":"(anonymous_19)","decl":{"start":{"line":159,"column":9},"end":{"line":159,"column":null}},"loc":{"start":{"line":159,"column":9},"end":{"line":197,"column":3}}},"13":{"name":"(anonymous_20)","decl":{"start":{"line":199,"column":32},"end":{"line":199,"column":39}},"loc":{"start":{"line":209,"column":7},"end":{"line":239,"column":null}}},"14":{"name":"(anonymous_21)","decl":{"start":{"line":209,"column":7},"end":{"line":209,"column":null}},"loc":{"start":{"line":209,"column":7},"end":{"line":239,"column":3}}}},"branchMap":{"0":{"loc":{"start":{"line":12,"column":4},"end":{"line":21,"column":5}},"type":"if","locations":[{"start":{"line":12,"column":4},"end":{"line":21,"column":5}}]},"1":{"loc":{"start":{"line":13,"column":6},"end":{"line":15,"column":7}},"type":"if","locations":[{"start":{"line":13,"column":6},"end":{"line":15,"column":7}}]},"2":{"loc":{"start":{"line":17,"column":8},"end":{"line":19,"column":9}},"type":"if","locations":[{"start":{"line":17,"column":8},"end":{"line":19,"column":9}}]},"3":{"loc":{"start":{"line":17,"column":12},"end":{"line":17,"column":72}},"type":"binary-expr","locations":[{"start":{"line":17,"column":12},"end":{"line":17,"column":49}},{"start":{"line":17,"column":53},"end":{"line":17,"column":72}}]},"4":{"loc":{"start":{"line":27,"column":13},"end":{"line":27,"column":89}},"type":"cond-expr","locations":[{"start":{"line":27,"column":37},"end":{"line":27,"column":38}},{"start":{"line":27,"column":41},"end":{"line":27,"column":89}}]},"5":{"loc":{"start":{"line":27,"column":41},"end":{"line":27,"column":89}},"type":"cond-expr","locations":[{"start":{"line":27,"column":65},"end":{"line":27,"column":77}},{"start":{"line":27,"column":80},"end":{"line":27,"column":89}}]},"6":{"loc":{"start":{"line":31,"column":4},"end":{"line":31,"column":80}},"type":"binary-expr","locations":[{"start":{"line":31,"column":4},"end":{"line":31,"column":21}},{"start":{"line":31,"column":25},"end":{"line":31,"column":80}}]},"7":{"loc":{"start":{"line":32,"column":21},"end":{"line":32,"column":110}},"type":"cond-expr","locations":[{"start":{"line":32,"column":42},"end":{"line":32,"column":94}},{"start":{"line":32,"column":97},"end":{"line":32,"column":110}}]},"8":{"loc":{"start":{"line":33,"column":4},"end":{"line":40,"column":5}},"type":"if","locations":[{"start":{"line":33,"column":4},"end":{"line":40,"column":5}}]},"9":{"loc":{"start":{"line":33,"column":8},"end":{"line":33,"column":40}},"type":"binary-expr","locations":[{"start":{"line":33,"column":8},"end":{"line":33,"column":24}},{"start":{"line":33,"column":28},"end":{"line":33,"column":40}}]},"10":{"loc":{"start":{"line":35,"column":22},"end":{"line":35,"column":84}},"type":"binary-expr","locations":[{"start":{"line":35,"column":22},"end":{"line":35,"column":34}},{"start":{"line":35,"column":38},"end":{"line":35,"column":84}}]},"11":{"loc":{"start":{"line":50,"column":18},"end":{"line":50,"column":100}},"type":"cond-expr","locations":[{"start":{"line":50,"column":37},"end":{"line":50,"column":73}},{"start":{"line":50,"column":76},"end":{"line":50,"column":100}}]}},"s":{"0":1,"1":1,"2":1,"3":0,"4":1,"5":1,"6":0,"7":1,"8":2,"9":0,"10":0,"11":0,"12":1,"13":1,"14":1,"15":1,"16":1,"17":1,"18":1,"19":1,"20":1,"21":1,"22":0,"23":0,"24":2,"25":0,"26":0,"27":0,"28":0,"29":0,"30":0,"31":0,"32":0,"33":0,"34":0,"35":0,"36":0,"37":0,"38":0,"39":0,"40":0,"41":0,"42":0,"43":2},"f":{"0":1,"1":1,"2":2,"3":0,"4":1,"5":1,"6":0,"7":0,"8":0,"9":0,"10":0,"11":0,"12":0,"13":0,"14":0},"b":{"0":[1],"1":[0],"2":[0],"3":[1,1],"4":[0,0],"5":[0,0],"6":[1,1],"7":[1,0],"8":[1],"9":[1,1],"10":[1,1],"11":[1,0]}}
,"/Users/sschepis/ai-assistant/src/assistant/script/cleanupManager.ts": {"path":"/Users/sschepis/ai-assistant/src/assistant/script/cleanupManager.ts","statementMap":{"0":{"start":{"line":4,"column":0},"end":{"line":4,"column":64}},"1":{"start":{"line":8,"column":23},"end":{"line":8,"column":55}},"2":{"start":{"line":9,"column":24},"end":{"line":9,"column":34}},"3":{"start":{"line":11,"column":4},"end":{"line":19,"column":5}},"4":{"start":{"line":12,"column":22},"end":{"line":12,"column":70}},"5":{"start":{"line":13,"column":6},"end":{"line":18,"column":7}},"6":{"start":{"line":14,"column":39},"end":{"line":14,"column":124}},"7":{"start":{"line":15,"column":8},"end":{"line":17,"column":9}},"8":{"start":{"line":16,"column":10},"end":{"line":16,"column":57}},"9":{"start":{"line":23,"column":4},"end":{"line":23,"column":113}},"10":{"start":{"line":6,"column":0},"end":{"line":6,"column":13}}},"fnMap":{"0":{"name":"(anonymous_7)","decl":{"start":{"line":7,"column":2},"end":{"line":7,"column":8}},"loc":{"start":{"line":7,"column":62},"end":{"line":20,"column":null}}},"1":{"name":"(anonymous_9)","decl":{"start":{"line":22,"column":10},"end":{"line":22,"column":16}},"loc":{"start":{"line":22,"column":77},"end":{"line":24,"column":null}}}},"branchMap":{"0":{"loc":{"start":{"line":13,"column":6},"end":{"line":18,"column":7}},"type":"if","locations":[{"start":{"line":13,"column":6},"end":{"line":18,"column":7}}]},"1":{"loc":{"start":{"line":15,"column":8},"end":{"line":17,"column":9}},"type":"if","locations":[{"start":{"line":15,"column":8},"end":{"line":17,"column":9}}]},"2":{"loc":{"start":{"line":15,"column":12},"end":{"line":15,"column":69}},"type":"binary-expr","locations":[{"start":{"line":15,"column":12},"end":{"line":15,"column":39}},{"start":{"line":15,"column":43},"end":{"line":15,"column":69}}]}},"s":{"0":2,"1":27,"2":27,"3":27,"4":0,"5":0,"6":0,"7":0,"8":0,"9":0,"10":2},"f":{"0":27,"1":0},"b":{"0":[0],"1":[0],"2":[0,0]}}
,"/Users/sschepis/ai-assistant/src/assistant/script/metadataManager.ts": {"path":"/Users/sschepis/ai-assistant/src/assistant/script/metadataManager.ts","statementMap":{"0":{"start":{"line":18,"column":19},"end":{"line":18,"column":57}},"1":{"start":{"line":19,"column":4},"end":{"line":29,"column":5}},"2":{"start":{"line":20,"column":25},"end":{"line":25,"column":null}},"3":{"start":{"line":28,"column":6},"end":{"line":28,"column":112}},"4":{"start":{"line":33,"column":19},"end":{"line":33,"column":57}},"5":{"start":{"line":34,"column":4},"end":{"line":34,"column":43}},"6":{"start":{"line":38,"column":19},"end":{"line":38,"column":57}},"7":{"start":{"line":39,"column":4},"end":{"line":49,"column":5}},"8":{"start":{"line":40,"column":25},"end":{"line":45,"column":null}},"9":{"start":{"line":48,"column":6},"end":{"line":48,"column":112}},"10":{"start":{"line":53,"column":19},"end":{"line":53,"column":57}},"11":{"start":{"line":54,"column":4},"end":{"line":64,"column":5}},"12":{"start":{"line":55,"column":25},"end":{"line":61,"column":null}},"13":{"start":{"line":63,"column":6},"end":{"line":63,"column":112}},"14":{"start":{"line":16,"column":0},"end":{"line":16,"column":13}}},"fnMap":{"0":{"name":"(anonymous_7)","decl":{"start":{"line":17,"column":2},"end":{"line":17,"column":8}},"loc":{"start":{"line":17,"column":108},"end":{"line":30,"column":null}}},"1":{"name":"(anonymous_9)","decl":{"start":{"line":32,"column":2},"end":{"line":32,"column":8}},"loc":{"start":{"line":32,"column":73},"end":{"line":35,"column":null}}},"2":{"name":"(anonymous_11)","decl":{"start":{"line":37,"column":2},"end":{"line":37,"column":8}},"loc":{"start":{"line":37,"column":111},"end":{"line":50,"column":null}}},"3":{"name":"(anonymous_13)","decl":{"start":{"line":52,"column":2},"end":{"line":52,"column":8}},"loc":{"start":{"line":52,"column":76},"end":{"line":65,"column":null}}}},"branchMap":{"0":{"loc":{"start":{"line":19,"column":4},"end":{"line":29,"column":5}},"type":"if","locations":[{"start":{"line":19,"column":4},"end":{"line":29,"column":5}}]},"1":{"loc":{"start":{"line":34,"column":11},"end":{"line":34,"column":42}},"type":"cond-expr","locations":[{"start":{"line":34,"column":20},"end":{"line":34,"column":35}},{"start":{"line":34,"column":38},"end":{"line":34,"column":42}}]},"2":{"loc":{"start":{"line":39,"column":4},"end":{"line":49,"column":5}},"type":"if","locations":[{"start":{"line":39,"column":4},"end":{"line":49,"column":5}}]},"3":{"loc":{"start":{"line":54,"column":4},"end":{"line":64,"column":5}},"type":"if","locations":[{"start":{"line":54,"column":4},"end":{"line":64,"column":5}}]}},"s":{"0":0,"1":0,"2":0,"3":0,"4":0,"5":0,"6":0,"7":0,"8":0,"9":0,"10":0,"11":0,"12":0,"13":0,"14":2},"f":{"0":0,"1":0,"2":0,"3":0},"b":{"0":[0],"1":[0,0],"2":[0],"3":[0]}}
,"/Users/sschepis/ai-assistant/src/assistant/script/performanceMonitor.ts": {"path":"/Users/sschepis/ai-assistant/src/assistant/script/performanceMonitor.ts","statementMap":{"0":{"start":{"line":10,"column":21},"end":{"line":15,"column":8}},"1":{"start":{"line":17,"column":6},"end":{"line":17,"column":30}},"2":{"start":{"line":18,"column":6},"end":{"line":18,"column":49}},"3":{"start":{"line":19,"column":6},"end":{"line":19,"column":86}},"4":{"start":{"line":20,"column":6},"end":{"line":20,"column":44}},"5":{"start":{"line":22,"column":6},"end":{"line":22,"column":43}},"6":{"start":{"line":26,"column":6},"end":{"line":26,"column":42}},"7":{"start":{"line":30,"column":6},"end":{"line":30,"column":26}},"8":{"start":{"line":1,"column":0},"end":{"line":1,"column":13}},"9":{"start":{"line":2,"column":19},"end":{"line":7,"column":19}}},"fnMap":{"0":{"name":"(anonymous_0)","decl":{"start":{"line":9,"column":4},"end":{"line":9,"column":10}},"loc":{"start":{"line":9,"column":68},"end":{"line":23,"column":5}}},"1":{"name":"(anonymous_1)","decl":{"start":{"line":25,"column":4},"end":{"line":25,"column":10}},"loc":{"start":{"line":25,"column":40},"end":{"line":27,"column":5}}},"2":{"name":"(anonymous_2)","decl":{"start":{"line":29,"column":4},"end":{"line":29,"column":10}},"loc":{"start":{"line":29,"column":24},"end":{"line":31,"column":5}}}},"branchMap":{"0":{"loc":{"start":{"line":10,"column":21},"end":{"line":15,"column":8}},"type":"binary-expr","locations":[{"start":{"line":10,"column":21},"end":{"line":10,"column":49}},{"start":{"line":10,"column":53},"end":{"line":15,"column":8}}]}},"s":{"0":0,"1":0,"2":0,"3":0,"4":0,"5":0,"6":0,"7":0,"8":2,"9":2},"f":{"0":0,"1":0,"2":0},"b":{"0":[0,0]}}
,"/Users/sschepis/ai-assistant/src/assistant/script/scriptManager.ts": {"path":"/Users/sschepis/ai-assistant/src/assistant/script/scriptManager.ts","statementMap":{"0":{"start":{"line":2,"column":0},"end":{"line":2,"column":46}},"1":{"start":{"line":3,"column":0},"end":{"line":3,"column":64}},"2":{"start":{"line":4,"column":0},"end":{"line":4,"column":56}},"3":{"start":{"line":5,"column":0},"end":{"line":5,"column":68}},"4":{"start":{"line":10,"column":22},"end":{"line":10,"column":48}},"5":{"start":{"line":14,"column":4},"end":{"line":14,"column":71}},"6":{"start":{"line":18,"column":4},"end":{"line":18,"column":50}},"7":{"start":{"line":22,"column":4},"end":{"line":22,"column":72}},"8":{"start":{"line":26,"column":4},"end":{"line":26,"column":71}},"9":{"start":{"line":30,"column":4},"end":{"line":30,"column":79}},"10":{"start":{"line":34,"column":4},"end":{"line":34,"column":76}},"11":{"start":{"line":38,"column":4},"end":{"line":38,"column":82}},"12":{"start":{"line":42,"column":4},"end":{"line":42,"column":72}},"13":{"start":{"line":46,"column":4},"end":{"line":46,"column":59}},"14":{"start":{"line":50,"column":4},"end":{"line":50,"column":52}},"15":{"start":{"line":8,"column":0},"end":{"line":8,"column":13}}},"fnMap":{"0":{"name":"(anonymous_7)","decl":{"start":{"line":10,"column":2},"end":{"line":10,"column":22}},"loc":{"start":{"line":10,"column":48},"end":{"line":11,"column":3}}},"1":{"name":"(anonymous_8)","decl":{"start":{"line":13,"column":8},"end":{"line":13,"column":18}},"loc":{"start":{"line":13,"column":18},"end":{"line":15,"column":null}}},"2":{"name":"(anonymous_10)","decl":{"start":{"line":17,"column":8},"end":{"line":17,"column":22}},"loc":{"start":{"line":17,"column":37},"end":{"line":19,"column":null}}},"3":{"name":"(anonymous_12)","decl":{"start":{"line":21,"column":2},"end":{"line":21,"column":17}},"loc":{"start":{"line":21,"column":59},"end":{"line":23,"column":3}}},"4":{"name":"(anonymous_13)","decl":{"start":{"line":25,"column":8},"end":{"line":25,"column":28}},"loc":{"start":{"line":25,"column":28},"end":{"line":27,"column":null}}},"5":{"name":"(anonymous_15)","decl":{"start":{"line":29,"column":8},"end":{"line":29,"column":19}},"loc":{"start":{"line":29,"column":73},"end":{"line":31,"column":null}}},"6":{"name":"(anonymous_17)","decl":{"start":{"line":33,"column":8},"end":{"line":33,"column":19}},"loc":{"start":{"line":33,"column":38},"end":{"line":35,"column":null}}},"7":{"name":"(anonymous_19)","decl":{"start":{"line":37,"column":8},"end":{"line":37,"column":22}},"loc":{"start":{"line":37,"column":76},"end":{"line":39,"column":null}}},"8":{"name":"(anonymous_21)","decl":{"start":{"line":41,"column":8},"end":{"line":41,"column":22}},"loc":{"start":{"line":41,"column":41},"end":{"line":43,"column":null}}},"9":{"name":"(anonymous_23)","decl":{"start":{"line":45,"column":2},"end":{"line":45,"column":12}},"loc":{"start":{"line":45,"column":31},"end":{"line":47,"column":3}}},"10":{"name":"(anonymous_24)","decl":{"start":{"line":49,"column":2},"end":{"line":49,"column":15}},"loc":{"start":{"line":49,"column":15},"end":{"line":51,"column":3}}}},"branchMap":{},"s":{"0":2,"1":2,"2":2,"3":2,"4":27,"5":27,"6":0,"7":0,"8":0,"9":0,"10":0,"11":0,"12":0,"13":0,"14":0,"15":2},"f":{"0":27,"1":27,"2":0,"3":0,"4":0,"5":0,"6":0,"7":0,"8":0,"9":0,"10":0},"b":{}}
,"/Users/sschepis/ai-assistant/src/assistant/script/validator.ts": {"path":"/Users/sschepis/ai-assistant/src/assistant/script/validator.ts","statementMap":{"0":{"start":{"line":1,"column":0},"end":{"line":1,"column":26}},"1":{"start":{"line":5,"column":33},"end":{"line":5,"column":73}},"2":{"start":{"line":6,"column":4},"end":{"line":6,"column":50}},"3":{"start":{"line":6,"column":37},"end":{"line":6,"column":50}},"4":{"start":{"line":8,"column":26},"end":{"line":8,"column":57}},"5":{"start":{"line":9,"column":4},"end":{"line":9,"column":43}},"6":{"start":{"line":9,"column":30},"end":{"line":9,"column":43}},"7":{"start":{"line":11,"column":4},"end":{"line":11,"column":16}},"8":{"start":{"line":17,"column":4},"end":{"line":17,"column":27}},"9":{"start":{"line":21,"column":20},"end":{"line":24,"column":6}},"10":{"start":{"line":26,"column":4},"end":{"line":32,"column":5}},"11":{"start":{"line":27,"column":6},"end":{"line":27,"column":26}},"12":{"start":{"line":28,"column":6},"end":{"line":28,"column":29}},"13":{"start":{"line":30,"column":6},"end":{"line":30,"column":66}},"14":{"start":{"line":31,"column":6},"end":{"line":31,"column":53}},"15":{"start":{"line":3,"column":0},"end":{"line":3,"column":13}}},"fnMap":{"0":{"name":"(anonymous_13)","decl":{"start":{"line":4,"column":2},"end":{"line":4,"column":8}},"loc":{"start":{"line":4,"column":38},"end":{"line":12,"column":null}}},"1":{"name":"(anonymous_15)","decl":{"start":{"line":14,"column":10},"end":{"line":14,"column":16}},"loc":{"start":{"line":14,"column":59},"end":{"line":18,"column":null}}},"2":{"name":"(anonymous_17)","decl":{"start":{"line":20,"column":10},"end":{"line":20,"column":16}},"loc":{"start":{"line":20,"column":50},"end":{"line":33,"column":null}}}},"branchMap":{"0":{"loc":{"start":{"line":6,"column":4},"end":{"line":6,"column":50}},"type":"if","locations":[{"start":{"line":6,"column":4},"end":{"line":6,"column":50}}]},"1":{"loc":{"start":{"line":9,"column":4},"end":{"line":9,"column":43}},"type":"if","locations":[{"start":{"line":9,"column":4},"end":{"line":9,"column":43}}]}},"s":{"0":2,"1":0,"2":0,"3":0,"4":0,"5":0,"6":0,"7":0,"8":0,"9":0,"10":0,"11":0,"12":0,"13":0,"14":0,"15":2},"f":{"0":0,"1":0,"2":0},"b":{"0":[0],"1":[0]}}
,"/Users/sschepis/ai-assistant/src/assistant/tools/tool.ts": {"path":"/Users/sschepis/ai-assistant/src/assistant/tools/tool.ts","statementMap":{"0":{"start":{"line":5,"column":13},"end":{"line":5,"column":25}},"1":{"start":{"line":6,"column":13},"end":{"line":6,"column":27}},"2":{"start":{"line":7,"column":13},"end":{"line":7,"column":24}},"3":{"start":{"line":8,"column":13},"end":{"line":8,"column":27}},"4":{"start":{"line":9,"column":13},"end":{"line":9,"column":37}},"5":{"start":{"line":13,"column":6},"end":{"line":13,"column":27}},"6":{"start":{"line":14,"column":6},"end":{"line":14,"column":27}},"7":{"start":{"line":15,"column":6},"end":{"line":15,"column":23}},"8":{"start":{"line":16,"column":6},"end":{"line":21,"column":8}},"9":{"start":{"line":25,"column":19},"end":{"line":25,"column":54}},"10":{"start":{"line":26,"column":6},"end":{"line":26,"column":26}},"11":{"start":{"line":30,"column":36},"end":{"line":30,"column":66}},"12":{"start":{"line":31,"column":6},"end":{"line":31,"column":46}},"13":{"start":{"line":35,"column":6},"end":{"line":35,"column":62}},"14":{"start":{"line":3,"column":2},"end":{"line":3,"column":15}}},"fnMap":{"0":{"name":"(anonymous_7)","decl":{"start":{"line":4,"column":4},"end":{"line":4,"column":null}},"loc":{"start":{"line":9,"column":37},"end":{"line":10,"column":8}}},"1":{"name":"(anonymous_8)","decl":{"start":{"line":12,"column":4},"end":{"line":12,"column":10}},"loc":{"start":{"line":12,"column":89},"end":{"line":22,"column":5}}},"2":{"name":"(anonymous_9)","decl":{"start":{"line":24,"column":10},"end":{"line":24,"column":17}},"loc":{"start":{"line":24,"column":29},"end":{"line":27,"column":null}}},"3":{"name":"(anonymous_11)","decl":{"start":{"line":29,"column":12},"end":{"line":29,"column":28}},"loc":{"start":{"line":29,"column":44},"end":{"line":32,"column":5}}},"4":{"name":"(anonymous_12)","decl":{"start":{"line":34,"column":11},"end":{"line":34,"column":27}},"loc":{"start":{"line":34,"column":27},"end":{"line":36,"column":5}}}},"branchMap":{},"s":{"0":16,"1":16,"2":16,"3":16,"4":16,"5":3,"6":3,"7":3,"8":3,"9":0,"10":0,"11":3,"12":3,"13":0,"14":2},"f":{"0":16,"1":3,"2":0,"3":3,"4":0},"b":{}}
,"/Users/sschepis/ai-assistant/src/assistant/tools/toolRegistry.ts": {"path":"/Users/sschepis/ai-assistant/src/assistant/tools/toolRegistry.ts","statementMap":{"0":{"start":{"line":2,"column":0},"end":{"line":2,"column":30}},"1":{"start":{"line":5,"column":0},"end":{"line":5,"column":56}},"2":{"start":{"line":6,"column":0},"end":{"line":6,"column":44}},"3":{"start":{"line":8,"column":0},"end":{"line":8,"column":62}},"4":{"start":{"line":16,"column":12},"end":{"line":16,"column":42}},"5":{"start":{"line":17,"column":12},"end":{"line":17,"column":52}},"6":{"start":{"line":11,"column":10},"end":{"line":11,"column":47}},"7":{"start":{"line":19,"column":4},"end":{"line":19,"column":49}},"8":{"start":{"line":20,"column":4},"end":{"line":20,"column":22}},"9":{"start":{"line":21,"column":4},"end":{"line":21,"column":45}},"10":{"start":{"line":25,"column":4},"end":{"line":25,"column":42}},"11":{"start":{"line":26,"column":4},"end":{"line":26,"column":40}},"12":{"start":{"line":30,"column":21},"end":{"line":30,"column":45}},"13":{"start":{"line":31,"column":31},"end":{"line":31,"column":92}},"14":{"start":{"line":31,"column":55},"end":{"line":31,"column":91}},"15":{"start":{"line":33,"column":4},"end":{"line":70,"column":5}},"16":{"start":{"line":34,"column":27},"end":{"line":48,"column":8}},"17":{"start":{"line":50,"column":27},"end":{"line":53,"column":8}},"18":{"start":{"line":55,"column":48},"end":{"line":55,"column":88}},"19":{"start":{"line":57,"column":6},"end":{"line":69,"column":7}},"20":{"start":{"line":59,"column":10},"end":{"line":59,"column":69}},"21":{"start":{"line":60,"column":10},"end":{"line":60,"column":16}},"22":{"start":{"line":62,"column":10},"end":{"line":62,"column":82}},"23":{"start":{"line":63,"column":10},"end":{"line":63,"column":73}},"24":{"start":{"line":64,"column":10},"end":{"line":64,"column":16}},"25":{"start":{"line":66,"column":10},"end":{"line":66,"column":43}},"26":{"start":{"line":67,"column":10},"end":{"line":67,"column":72}},"27":{"start":{"line":68,"column":10},"end":{"line":68,"column":16}},"28":{"start":{"line":76,"column":4},"end":{"line":76,"column":60}},"29":{"start":{"line":76,"column":33},"end":{"line":76,"column":58}},"30":{"start":{"line":77,"column":4},"end":{"line":77,"column":53}},"31":{"start":{"line":81,"column":26},"end":{"line":81,"column":28}},"32":{"start":{"line":82,"column":4},"end":{"line":84,"column":5}},"33":{"start":{"line":83,"column":6},"end":{"line":83,"column":46}},"34":{"start":{"line":85,"column":4},"end":{"line":85,"column":32}},"35":{"start":{"line":89,"column":26},"end":{"line":89,"column":28}},"36":{"start":{"line":90,"column":4},"end":{"line":92,"column":5}},"37":{"start":{"line":91,"column":6},"end":{"line":91,"column":82}},"38":{"start":{"line":93,"column":4},"end":{"line":93,"column":32}},"39":{"start":{"line":97,"column":4},"end":{"line":99,"column":5}},"40":{"start":{"line":98,"column":6},"end":{"line":98,"column":49}},"41":{"start":{"line":100,"column":17},"end":{"line":100,"column":38}},"42":{"start":{"line":101,"column":22},"end":{"line":101,"column":32}},"43":{"start":{"line":102,"column":4},"end":{"line":111,"column":5}},"44":{"start":{"line":103,"column":21},"end":{"line":103,"column":47}},"45":{"start":{"line":104,"column":28},"end":{"line":104,"column":50}},"46":{"start":{"line":105,"column":6},"end":{"line":105,"column":69}},"47":{"start":{"line":106,"column":6},"end":{"line":106,"column":20}},"48":{"start":{"line":108,"column":28},"end":{"line":108,"column":50}},"49":{"start":{"line":109,"column":6},"end":{"line":109,"column":70}},"50":{"start":{"line":110,"column":6},"end":{"line":110,"column":18}},"51":{"start":{"line":115,"column":4},"end":{"line":117,"column":5}},"52":{"start":{"line":116,"column":6},"end":{"line":116,"column":19}},"53":{"start":{"line":118,"column":44},"end":{"line":127,"column":6}},"54":{"start":{"line":128,"column":22},"end":{"line":128,"column":60}},"55":{"start":{"line":129,"column":17},"end":{"line":129,"column":67}},"56":{"start":{"line":130,"column":4},"end":{"line":130,"column":31}},"57":{"start":{"line":131,"column":4},"end":{"line":131,"column":49}},"58":{"start":{"line":132,"column":4},"end":{"line":132,"column":16}},"59":{"start":{"line":136,"column":4},"end":{"line":138,"column":5}},"60":{"start":{"line":137,"column":6},"end":{"line":137,"column":19}},"61":{"start":{"line":139,"column":17},"end":{"line":139,"column":38}},"62":{"start":{"line":140,"column":4},"end":{"line":140,"column":54}},"63":{"start":{"line":141,"column":4},"end":{"line":141,"column":47}},"64":{"start":{"line":142,"column":4},"end":{"line":142,"column":16}},"65":{"start":{"line":146,"column":4},"end":{"line":150,"column":5}},"66":{"start":{"line":147,"column":6},"end":{"line":147,"column":30}},"67":{"start":{"line":148,"column":6},"end":{"line":148,"column":50}},"68":{"start":{"line":149,"column":6},"end":{"line":149,"column":18}},"69":{"start":{"line":151,"column":4},"end":{"line":151,"column":17}},"70":{"start":{"line":155,"column":4},"end":{"line":155,"column":56}},"71":{"start":{"line":159,"column":4},"end":{"line":159,"column":47}},"72":{"start":{"line":163,"column":4},"end":{"line":165,"column":18}},"73":{"start":{"line":164,"column":19},"end":{"line":164,"column":73}},"74":{"start":{"line":169,"column":4},"end":{"line":169,"column":32}},"75":{"start":{"line":173,"column":4},"end":{"line":173,"column":43}},"76":{"start":{"line":177,"column":4},"end":{"line":177,"column":52}},"77":{"start":{"line":181,"column":4},"end":{"line":181,"column":63}},"78":{"start":{"line":185,"column":4},"end":{"line":185,"column":60}},"79":{"start":{"line":189,"column":4},"end":{"line":189,"column":66}},"80":{"start":{"line":193,"column":4},"end":{"line":193,"column":56}},"81":{"start":{"line":197,"column":22},"end":{"line":197,"column":51}},"82":{"start":{"line":198,"column":25},"end":{"line":198,"column":115}},"83":{"start":{"line":199,"column":19},"end":{"line":201,"column":92}},"84":{"start":{"line":202,"column":21},"end":{"line":208,"column":12}},"85":{"start":{"line":209,"column":4},"end":{"line":209,"column":20}},"86":{"start":{"line":213,"column":4},"end":{"line":218,"column":5}},"87":{"start":{"line":214,"column":6},"end":{"line":217,"column":7}},"88":{"start":{"line":215,"column":31},"end":{"line":215,"column":69}},"89":{"start":{"line":216,"column":8},"end":{"line":216,"column":81}},"90":{"start":{"line":222,"column":21},"end":{"line":222,"column":70}},"91":{"start":{"line":223,"column":4},"end":{"line":225,"column":5}},"92":{"start":{"line":224,"column":6},"end":{"line":224,"column":84}},"93":{"start":{"line":229,"column":4},"end":{"line":229,"column":23}},"94":{"start":{"line":233,"column":4},"end":{"line":239,"column":6}},"95":{"start":{"line":243,"column":4},"end":{"line":243,"column":32}},"96":{"start":{"line":10,"column":0},"end":{"line":10,"column":13}}},"fnMap":{"0":{"name":"(anonymous_7)","decl":{"start":{"line":15,"column":2},"end":{"line":15,"column":null}},"loc":{"start":{"line":17,"column":52},"end":{"line":22,"column":3}}},"1":{"name":"(anonymous_8)","decl":{"start":{"line":24,"column":8},"end":{"line":24,"column":18}},"loc":{"start":{"line":24,"column":18},"end":{"line":27,"column":null}}},"2":{"name":"(anonymous_10)","decl":{"start":{"line":29,"column":8},"end":{"line":29,"column":32}},"loc":{"start":{"line":29,"column":32},"end":{"line":71,"column":null}}},"3":{"name":"(anonymous_12)","decl":{"start":{"line":31,"column":47},"end":{"line":31,"column":51}},"loc":{"start":{"line":31,"column":55},"end":{"line":31,"column":91}}},"4":{"name":"(anonymous_13)","decl":{"start":{"line":74,"column":8},"end":{"line":74,"column":22}},"loc":{"start":{"line":74,"column":42},"end":{"line":78,"column":null}}},"5":{"name":"(anonymous_15)","decl":{"start":{"line":76,"column":22},"end":{"line":76,"column":29}},"loc":{"start":{"line":76,"column":33},"end":{"line":76,"column":58}}},"6":{"name":"(anonymous_16)","decl":{"start":{"line":80,"column":8},"end":{"line":80,"column":23}},"loc":{"start":{"line":80,"column":42},"end":{"line":86,"column":null}}},"7":{"name":"(anonymous_18)","decl":{"start":{"line":88,"column":8},"end":{"line":88,"column":19}},"loc":{"start":{"line":88,"column":30},"end":{"line":94,"column":null}}},"8":{"name":"(anonymous_20)","decl":{"start":{"line":96,"column":8},"end":{"line":96,"column":16}},"loc":{"start":{"line":96,"column":42},"end":{"line":112,"column":null}}},"9":{"name":"(anonymous_22)","decl":{"start":{"line":114,"column":8},"end":{"line":114,"column":15}},"loc":{"start":{"line":114,"column":109},"end":{"line":133,"column":null}}},"10":{"name":"(anonymous_24)","decl":{"start":{"line":135,"column":8},"end":{"line":135,"column":18}},"loc":{"start":{"line":135,"column":112},"end":{"line":143,"column":null}}},"11":{"name":"(anonymous_26)","decl":{"start":{"line":145,"column":8},"end":{"line":145,"column":18}},"loc":{"start":{"line":145,"column":31},"end":{"line":152,"column":null}}},"12":{"name":"(anonymous_28)","decl":{"start":{"line":154,"column":2},"end":{"line":154,"column":12}},"loc":{"start":{"line":154,"column":29},"end":{"line":156,"column":3}}},"13":{"name":"(anonymous_29)","decl":{"start":{"line":158,"column":2},"end":{"line":158,"column":15}},"loc":{"start":{"line":158,"column":15},"end":{"line":160,"column":3}}},"14":{"name":"(anonymous_30)","decl":{"start":{"line":162,"column":2},"end":{"line":162,"column":26}},"loc":{"start":{"line":162,"column":26},"end":{"line":166,"column":3}}},"15":{"name":"(anonymous_31)","decl":{"start":{"line":164,"column":11},"end":{"line":164,"column":15}},"loc":{"start":{"line":164,"column":19},"end":{"line":164,"column":73}}},"16":{"name":"(anonymous_32)","decl":{"start":{"line":168,"column":8},"end":{"line":168,"column":15}},"loc":{"start":{"line":168,"column":28},"end":{"line":170,"column":null}}},"17":{"name":"(anonymous_34)","decl":{"start":{"line":172,"column":8},"end":{"line":172,"column":19}},"loc":{"start":{"line":172,"column":19},"end":{"line":174,"column":null}}},"18":{"name":"(anonymous_36)","decl":{"start":{"line":176,"column":8},"end":{"line":176,"column":28}},"loc":{"start":{"line":176,"column":28},"end":{"line":178,"column":null}}},"19":{"name":"(anonymous_38)","decl":{"start":{"line":180,"column":8},"end":{"line":180,"column":19}},"loc":{"start":{"line":180,"column":73},"end":{"line":182,"column":null}}},"20":{"name":"(anonymous_40)","decl":{"start":{"line":184,"column":8},"end":{"line":184,"column":19}},"loc":{"start":{"line":184,"column":38},"end":{"line":186,"column":null}}},"21":{"name":"(anonymous_42)","decl":{"start":{"line":188,"column":8},"end":{"line":188,"column":22}},"loc":{"start":{"line":188,"column":76},"end":{"line":190,"column":null}}},"22":{"name":"(anonymous_44)","decl":{"start":{"line":192,"column":8},"end":{"line":192,"column":22}},"loc":{"start":{"line":192,"column":41},"end":{"line":194,"column":null}}},"23":{"name":"(anonymous_46)","decl":{"start":{"line":196,"column":8},"end":{"line":196,"column":26}},"loc":{"start":{"line":196,"column":37},"end":{"line":210,"column":null}}},"24":{"name":"(anonymous_48)","decl":{"start":{"line":212,"column":8},"end":{"line":212,"column":20}},"loc":{"start":{"line":212,"column":20},"end":{"line":219,"column":null}}},"25":{"name":"(anonymous_50)","decl":{"start":{"line":221,"column":8},"end":{"line":221,"column":38}},"loc":{"start":{"line":221,"column":96},"end":{"line":226,"column":null}}},"26":{"name":"(anonymous_52)","decl":{"start":{"line":228,"column":16},"end":{"line":228,"column":37}},"loc":{"start":{"line":228,"column":48},"end":{"line":230,"column":null}}},"27":{"name":"(anonymous_54)","decl":{"start":{"line":232,"column":16},"end":{"line":232,"column":29}},"loc":{"start":{"line":232,"column":69},"end":{"line":240,"column":null}}},"28":{"name":"(anonymous_56)","decl":{"start":{"line":242,"column":2},"end":{"line":242,"column":9}},"loc":{"start":{"line":242,"column":22},"end":{"line":244,"column":3}}}},"branchMap":{"0":{"loc":{"start":{"line":57,"column":6},"end":{"line":69,"column":7}},"type":"switch","locations":[{"start":{"line":58,"column":8},"end":{"line":60,"column":16}},{"start":{"line":61,"column":8},"end":{"line":64,"column":16}},{"start":{"line":65,"column":8},"end":{"line":68,"column":16}}]},"1":{"loc":{"start":{"line":97,"column":4},"end":{"line":99,"column":5}},"type":"if","locations":[{"start":{"line":97,"column":4},"end":{"line":99,"column":5}}]},"2":{"loc":{"start":{"line":115,"column":4},"end":{"line":117,"column":5}},"type":"if","locations":[{"start":{"line":115,"column":4},"end":{"line":117,"column":5}}]},"3":{"loc":{"start":{"line":126,"column":19},"end":{"line":126,"column":43}},"type":"binary-expr","locations":[{"start":{"line":126,"column":19},"end":{"line":126,"column":37}},{"start":{"line":126,"column":41},"end":{"line":126,"column":43}}]},"4":{"loc":{"start":{"line":136,"column":4},"end":{"line":138,"column":5}},"type":"if","locations":[{"start":{"line":136,"column":4},"end":{"line":138,"column":5}}]},"5":{"loc":{"start":{"line":140,"column":38},"end":{"line":140,"column":52}},"type":"binary-expr","locations":[{"start":{"line":140,"column":38},"end":{"line":140,"column":46}},{"start":{"line":140,"column":50},"end":{"line":140,"column":52}}]},"6":{"loc":{"start":{"line":146,"column":4},"end":{"line":150,"column":5}},"type":"if","locations":[{"start":{"line":146,"column":4},"end":{"line":150,"column":5}}]},"7":{"loc":{"start":{"line":214,"column":6},"end":{"line":217,"column":7}},"type":"if","locations":[{"start":{"line":214,"column":6},"end":{"line":217,"column":7}}]},"8":{"loc":{"start":{"line":223,"column":4},"end":{"line":225,"column":5}},"type":"if","locations":[{"start":{"line":223,"column":4},"end":{"line":225,"column":5}}]}},"s":{"0":2,"1":2,"2":2,"3":2,"4":27,"5":27,"6":27,"7":27,"8":27,"9":27,"10":28,"11":28,"12":2,"13":2,"14":2,"15":2,"16":2,"17":2,"18":2,"19":2,"20":0,"21":0,"22":1,"23":1,"24":1,"25":1,"26":1,"27":1,"28":1,"29":1,"30":1,"31":1,"32":1,"33":2,"34":1,"35":1,"36":1,"37":2,"38":1,"39":3,"40":1,"41":2,"42":2,"43":2,"44":2,"45":1,"46":1,"47":1,"48":1,"49":1,"50":1,"51":17,"52":1,"53":16,"54":16,"55":16,"56":16,"57":16,"58":16,"59":4,"60":1,"61":3,"62":3,"63":3,"64":3,"65":3,"66":2,"67":2,"68":2,"69":1,"70":1,"71":1,"72":1,"73":2,"74":11,"75":30,"76":0,"77":0,"78":0,"79":0,"80":0,"81":1,"82":1,"83":1,"84":1,"85":1,"86":2,"87":2,"88":1,"89":1,"90":2,"91":2,"92":1,"93":0,"94":0,"95":0,"96":2},"f":{"0":27,"1":28,"2":2,"3":2,"4":1,"5":1,"6":1,"7":1,"8":3,"9":17,"10":4,"11":3,"12":1,"13":1,"14":1,"15":2,"16":11,"17":30,"18":0,"19":0,"20":0,"21":0,"22":0,"23":1,"24":2,"25":2,"26":0,"27":0,"28":0},"b":{"0":[0,1,1],"1":[1],"2":[1],"3":[16,0],"4":[1],"5":[3,3],"6":[2],"7":[1],"8":[1]}}
,"/Users/sschepis/ai-assistant/src/assistant/tools/toolWatcher.ts": {"path":"/Users/sschepis/ai-assistant/src/assistant/tools/toolWatcher.ts","statementMap":{"0":{"start":{"line":2,"column":0},"end":{"line":2,"column":32}},"1":{"start":{"line":3,"column":0},"end":{"line":3,"column":24}},"2":{"start":{"line":4,"column":0},"end":{"line":4,"column":20}},"3":{"start":{"line":6,"column":0},"end":{"line":6,"column":51}},"4":{"start":{"line":12,"column":22},"end":{"line":12,"column":48}},"5":{"start":{"line":13,"column":4},"end":{"line":13,"column":56}},"6":{"start":{"line":15,"column":4},"end":{"line":17,"column":5}},"7":{"start":{"line":16,"column":6},"end":{"line":16,"column":34}},"8":{"start":{"line":18,"column":4},"end":{"line":21,"column":7}},"9":{"start":{"line":23,"column":4},"end":{"line":23,"column":24}},"10":{"start":{"line":27,"column":4},"end":{"line":27,"column":35}},"11":{"start":{"line":31,"column":4},"end":{"line":34,"column":68}},"12":{"start":{"line":32,"column":31},"end":{"line":32,"column":59}},"13":{"start":{"line":33,"column":34},"end":{"line":33,"column":65}},"14":{"start":{"line":34,"column":34},"end":{"line":34,"column":66}},"15":{"start":{"line":38,"column":4},"end":{"line":38,"column":91}},"16":{"start":{"line":39,"column":4},"end":{"line":39,"column":34}},"17":{"start":{"line":43,"column":4},"end":{"line":43,"column":86}},"18":{"start":{"line":44,"column":4},"end":{"line":44,"column":34}},"19":{"start":{"line":48,"column":4},"end":{"line":48,"column":86}},"20":{"start":{"line":49,"column":21},"end":{"line":49,"column":51}},"21":{"start":{"line":50,"column":4},"end":{"line":50,"column":49}},"22":{"start":{"line":54,"column":4},"end":{"line":73,"column":5}},"23":{"start":{"line":55,"column":23},"end":{"line":55,"column":53}},"24":{"start":{"line":57,"column":6},"end":{"line":60,"column":7}},"25":{"start":{"line":58,"column":8},"end":{"line":58,"column":104}},"26":{"start":{"line":59,"column":8},"end":{"line":59,"column":15}},"27":{"start":{"line":62,"column":25},"end":{"line":62,"column":47}},"28":{"start":{"line":62,"column":46},"end":{"line":62,"column":47}},"29":{"start":{"line":64,"column":6},"end":{"line":70,"column":7}},"30":{"start":{"line":65,"column":21},"end":{"line":65,"column":39}},"31":{"start":{"line":66,"column":8},"end":{"line":66,"column":94}},"32":{"start":{"line":67,"column":8},"end":{"line":67,"column":98}},"33":{"start":{"line":69,"column":8},"end":{"line":69,"column":108}},"34":{"start":{"line":72,"column":6},"end":{"line":72,"column":124}},"35":{"start":{"line":77,"column":18},"end":{"line":77,"column":58}},"36":{"start":{"line":78,"column":4},"end":{"line":82,"column":5}},"37":{"start":{"line":79,"column":6},"end":{"line":81,"column":7}},"38":{"start":{"line":80,"column":8},"end":{"line":80,"column":60}},"39":{"start":{"line":8,"column":0},"end":{"line":8,"column":13}}},"fnMap":{"0":{"name":"(anonymous_14)","decl":{"start":{"line":12,"column":2},"end":{"line":12,"column":22}},"loc":{"start":{"line":12,"column":48},"end":{"line":24,"column":3}}},"1":{"name":"(anonymous_15)","decl":{"start":{"line":26,"column":15},"end":{"line":26,"column":25}},"loc":{"start":{"line":26,"column":25},"end":{"line":28,"column":null}}},"2":{"name":"(anonymous_17)","decl":{"start":{"line":30,"column":10},"end":{"line":30,"column":22}},"loc":{"start":{"line":30,"column":22},"end":{"line":35,"column":3}}},"3":{"name":"(anonymous_18)","decl":{"start":{"line":32,"column":17},"end":{"line":32,"column":18}},"loc":{"start":{"line":32,"column":31},"end":{"line":32,"column":59}}},"4":{"name":"(anonymous_19)","decl":{"start":{"line":33,"column":20},"end":{"line":33,"column":21}},"loc":{"start":{"line":33,"column":34},"end":{"line":33,"column":65}}},"5":{"name":"(anonymous_20)","decl":{"start":{"line":34,"column":20},"end":{"line":34,"column":21}},"loc":{"start":{"line":34,"column":34},"end":{"line":34,"column":66}}},"6":{"name":"(anonymous_21)","decl":{"start":{"line":37,"column":16},"end":{"line":37,"column":29}},"loc":{"start":{"line":37,"column":46},"end":{"line":40,"column":null}}},"7":{"name":"(anonymous_23)","decl":{"start":{"line":42,"column":16},"end":{"line":42,"column":32}},"loc":{"start":{"line":42,"column":49},"end":{"line":45,"column":null}}},"8":{"name":"(anonymous_25)","decl":{"start":{"line":47,"column":16},"end":{"line":47,"column":33}},"loc":{"start":{"line":47,"column":50},"end":{"line":51,"column":null}}},"9":{"name":"(anonymous_27)","decl":{"start":{"line":53,"column":16},"end":{"line":53,"column":24}},"loc":{"start":{"line":53,"column":41},"end":{"line":74,"column":null}}},"10":{"name":"(anonymous_29)","decl":{"start":{"line":62,"column":46},"end":{"line":62,"column":47}},"loc":{"start":{"line":62,"column":46},"end":{"line":62,"column":47}}},"11":{"name":"(anonymous_30)","decl":{"start":{"line":76,"column":15},"end":{"line":76,"column":32}},"loc":{"start":{"line":76,"column":32},"end":{"line":83,"column":null}}}},"branchMap":{"0":{"loc":{"start":{"line":15,"column":4},"end":{"line":17,"column":5}},"type":"if","locations":[{"start":{"line":15,"column":4},"end":{"line":17,"column":5}}]},"1":{"loc":{"start":{"line":57,"column":6},"end":{"line":60,"column":7}},"type":"if","locations":[{"start":{"line":57,"column":6},"end":{"line":60,"column":7}}]},"2":{"loc":{"start":{"line":64,"column":6},"end":{"line":70,"column":7}},"type":"if","locations":[{"start":{"line":64,"column":6},"end":{"line":70,"column":7}},{"start":{"line":68,"column":13},"end":{"line":70,"column":7}}]},"3":{"loc":{"start":{"line":64,"column":10},"end":{"line":64,"column":70}},"type":"binary-expr","locations":[{"start":{"line":64,"column":10},"end":{"line":64,"column":28}},{"start":{"line":64,"column":32},"end":{"line":64,"column":70}}]},"4":{"loc":{"start":{"line":66,"column":77},"end":{"line":66,"column":92}},"type":"binary-expr","locations":[{"start":{"line":66,"column":77},"end":{"line":66,"column":86}},{"start":{"line":66,"column":90},"end":{"line":66,"column":92}}]},"5":{"loc":{"start":{"line":79,"column":6},"end":{"line":81,"column":7}},"type":"if","locations":[{"start":{"line":79,"column":6},"end":{"line":81,"column":7}}]}},"s":{"0":3,"1":3,"2":3,"3":3,"4":32,"5":32,"6":32,"7":0,"8":32,"9":32,"10":27,"11":32,"12":0,"13":0,"14":0,"15":1,"16":1,"17":1,"18":1,"19":1,"20":1,"21":1,"22":1,"23":1,"24":1,"25":0,"26":0,"27":1,"28":1,"29":1,"30":1,"31":1,"32":1,"33":0,"34":0,"35":27,"36":20,"37":0,"38":0,"39":3},"f":{"0":32,"1":27,"2":32,"3":0,"4":0,"5":0,"6":1,"7":1,"8":1,"9":1,"10":1,"11":27},"b":{"0":[0],"1":[0],"2":[1,0],"3":[1,1],"4":[1,1],"5":[0]}}
,"/Users/sschepis/ai-assistant/src/assistant/tools/__tests__/fixtures/mockMetricsService.ts": {"path":"/Users/sschepis/ai-assistant/src/assistant/tools/__tests__/fixtures/mockMetricsService.ts","statementMap":{"0":{"start":{"line":2,"column":4},"end":{"line":2,"column":35}},"1":{"start":{"line":3,"column":4},"end":{"line":3,"column":33}},"2":{"start":{"line":4,"column":4},"end":{"line":4,"column":34}},"3":{"start":{"line":5,"column":4},"end":{"line":5,"column":32}},"4":{"start":{"line":6,"column":4},"end":{"line":6,"column":31}},"5":{"start":{"line":7,"column":4},"end":{"line":7,"column":30}},"6":{"start":{"line":1,"column":0},"end":{"line":1,"column":13}}},"fnMap":{"0":{"name":"(anonymous_0)","decl":{"start":{"line":1,"column":0},"end":{"line":1,"column":13}},"loc":{"start":{"line":1,"column":0},"end":{"line":8,"column":3}}}},"branchMap":{},"s":{"0":27,"1":27,"2":27,"3":27,"4":27,"5":27,"6":1},"f":{"0":27},"b":{}}
,"/Users/sschepis/ai-assistant/src/assistant/tools/__tests__/fixtures/sampleTool.ts": {"path":"/Users/sschepis/ai-assistant/src/assistant/tools/__tests__/fixtures/sampleTool.ts","statementMap":{"0":{"start":{"line":1,"column":13},"end":{"line":6,"column":4}}},"fnMap":{},"branchMap":{},"s":{"0":1},"f":{},"b":{}}
}
