TN:
SF:src/assistant/conversation/conversation.ts
FN:12,(anonymous_7)
FN:36,(anonymous_8)
FN:53,(anonymous_10)
FN:92,(anonymous_12)
FN:97,(anonymous_14)
FNF:5
FNH:5
FNDA:7,(anonymous_7)
FNDA:2,(anonymous_8)
FNDA:1,(anonymous_10)
FNDA:1,(anonymous_12)
FNDA:1,(anonymous_14)
DA:3,1
DA:4,1
DA:6,1
DA:13,7
DA:15,7
DA:16,1
DA:20,6
DA:21,6
DA:23,6
DA:24,5
DA:29,1
DA:41,2
DA:42,2
DA:43,0
DA:46,2
DA:47,1
DA:49,1
DA:58,1
DA:59,1
DA:60,0
DA:62,1
DA:63,1
DA:64,1
DA:65,1
DA:66,1
DA:68,1
DA:69,0
DA:71,1
DA:78,1
DA:79,0
DA:80,0
DA:82,0
DA:85,1
DA:87,0
DA:88,0
DA:93,1
DA:94,1
DA:97,1
DA:99,1
DA:104,1
DA:105,1
LF:41
LH:33
BRDA:15,0,0,1
BRDA:15,1,0,7
BRDA:15,1,1,2
BRDA:21,2,0,5
BRDA:21,2,1,1
BRDA:23,3,0,5
BRDA:23,3,1,1
BRDA:36,4,0,2
BRDA:40,5,0,2
BRDA:42,6,0,0
BRDA:46,7,0,1
BRDA:46,7,1,1
BRDA:53,8,0,0
BRDA:59,9,0,0
BRDA:64,10,0,1
BRDA:65,11,0,0
BRDA:65,11,1,1
BRDA:68,12,0,0
BRDA:75,13,0,1
BRDA:75,13,1,0
BRDA:78,14,0,0
BRDA:92,15,0,0
BRF:22
BRH:14
end_of_record
TN:
SF:src/assistant/metrics/metricsService.ts
FN:20,(anonymous_1)
FN:26,(anonymous_2)
FN:34,(anonymous_3)
FN:39,(anonymous_4)
FN:54,(anonymous_5)
FN:62,(anonymous_6)
FN:77,(anonymous_7)
FN:91,(anonymous_8)
FN:99,(anonymous_9)
FN:104,(anonymous_10)
FN:108,(anonymous_11)
FN:112,(anonymous_12)
FNF:12
FNH:8
FNDA:5,(anonymous_1)
FNDA:5,(anonymous_2)
FNDA:9,(anonymous_3)
FNDA:5,(anonymous_4)
FNDA:1,(anonymous_5)
FNDA:3,(anonymous_6)
FNDA:0,(anonymous_7)
FNDA:0,(anonymous_8)
FNDA:0,(anonymous_9)
FNDA:1,(anonymous_10)
FNDA:0,(anonymous_11)
FNDA:1,(anonymous_12)
DA:2,1
DA:3,1
DA:16,1
DA:21,5
DA:22,5
DA:23,5
DA:27,5
DA:28,0
DA:29,0
DA:30,0
DA:35,9
DA:36,9
DA:40,5
DA:41,5
DA:51,5
DA:55,1
DA:56,1
DA:57,1
DA:58,1
DA:63,3
DA:64,3
DA:65,3
DA:66,3
DA:67,3
DA:68,3
DA:69,3
DA:71,3
DA:72,3
DA:73,3
DA:78,0
DA:79,0
DA:80,0
DA:81,0
DA:82,0
DA:83,0
DA:84,0
DA:85,0
DA:88,0
DA:92,0
DA:93,0
DA:94,0
DA:96,0
DA:100,0
DA:101,0
DA:105,1
DA:109,0
DA:113,1
DA:114,1
DA:115,1
DA:116,1
DA:117,1
DA:118,1
DA:119,1
DA:120,1
DA:121,1
DA:123,1
LF:56
LH:37
BRDA:20,0,0,5
BRDA:27,1,0,0
BRDA:56,2,0,1
BRDA:64,3,0,3
BRDA:68,4,0,3
BRDA:84,5,0,0
BRDA:93,6,0,0
BRDA:94,7,0,0
BRDA:94,7,1,0
BRF:9
BRH:4
end_of_record
TN:
SF:src/assistant/script/cleanupManager.ts
FN:7,(anonymous_7)
FN:22,(anonymous_9)
FNF:2
FNH:0
FNDA:0,(anonymous_7)
FNDA:0,(anonymous_9)
DA:4,1
DA:6,1
DA:8,0
DA:9,0
DA:11,0
DA:12,0
DA:13,0
DA:14,0
DA:15,0
DA:16,0
DA:23,0
LF:11
LH:2
BRDA:13,0,0,0
BRDA:15,1,0,0
BRDA:15,2,0,0
BRDA:15,2,1,0
BRF:4
BRH:0
end_of_record
TN:
SF:src/assistant/script/metadataManager.ts
FN:17,(anonymous_7)
FN:32,(anonymous_9)
FN:37,(anonymous_11)
FN:52,(anonymous_13)
FNF:4
FNH:0
FNDA:0,(anonymous_7)
FNDA:0,(anonymous_9)
FNDA:0,(anonymous_11)
FNDA:0,(anonymous_13)
DA:16,1
DA:18,0
DA:19,0
DA:20,0
DA:28,0
DA:33,0
DA:34,0
DA:38,0
DA:39,0
DA:40,0
DA:48,0
DA:53,0
DA:54,0
DA:55,0
DA:63,0
LF:15
LH:1
BRDA:19,0,0,0
BRDA:34,1,0,0
BRDA:34,1,1,0
BRDA:39,2,0,0
BRDA:54,3,0,0
BRF:5
BRH:0
end_of_record
TN:
SF:src/assistant/script/performanceMonitor.ts
FN:9,(anonymous_0)
FN:25,(anonymous_1)
FN:29,(anonymous_2)
FNF:3
FNH:3
FNDA:9,(anonymous_0)
FNDA:5,(anonymous_1)
FNDA:2,(anonymous_2)
DA:1,2
DA:2,2
DA:10,9
DA:17,9
DA:18,9
DA:19,9
DA:20,9
DA:22,9
DA:26,5
DA:30,2
LF:10
LH:10
BRDA:10,0,0,9
BRDA:10,0,1,7
BRF:2
BRH:2
end_of_record
TN:
SF:src/assistant/script/scriptManager.ts
FN:10,(anonymous_7)
FN:13,(anonymous_8)
FN:17,(anonymous_10)
FN:21,(anonymous_12)
FN:25,(anonymous_13)
FN:29,(anonymous_15)
FN:33,(anonymous_17)
FN:37,(anonymous_19)
FN:41,(anonymous_21)
FN:45,(anonymous_23)
FN:49,(anonymous_24)
FNF:11
FNH:11
FNDA:10,(anonymous_7)
FNDA:1,(anonymous_8)
FNDA:1,(anonymous_10)
FNDA:1,(anonymous_12)
FNDA:1,(anonymous_13)
FNDA:1,(anonymous_15)
FNDA:1,(anonymous_17)
FNDA:1,(anonymous_19)
FNDA:1,(anonymous_21)
FNDA:1,(anonymous_23)
FNDA:1,(anonymous_24)
DA:2,1
DA:3,1
DA:4,1
DA:5,1
DA:8,1
DA:10,10
DA:14,1
DA:18,1
DA:22,1
DA:26,1
DA:30,1
DA:34,1
DA:38,1
DA:42,1
DA:46,1
DA:50,1
LF:16
LH:16
BRF:0
BRH:0
end_of_record
TN:
SF:src/assistant/script/validator.ts
FN:4,(anonymous_13)
FN:14,(anonymous_15)
FN:20,(anonymous_17)
FNF:3
FNH:3
FNDA:2,(anonymous_13)
FNDA:2,(anonymous_15)
FNDA:2,(anonymous_17)
DA:1,2
DA:3,2
DA:5,2
DA:6,2
DA:8,2
DA:9,2
DA:11,1
DA:17,2
DA:21,2
DA:26,2
DA:27,2
DA:28,1
DA:30,1
DA:31,1
LF:14
LH:14
BRDA:6,0,0,0
BRDA:9,1,0,1
BRF:2
BRH:1
end_of_record
TN:
SF:src/models/config.ts
FN:64,(anonymous_0)
FN:68,(anonymous_1)
FN:75,(anonymous_2)
FN:79,(anonymous_3)
FNF:4
FNH:3
FNDA:3,(anonymous_0)
FNDA:0,(anonymous_1)
FNDA:2,(anonymous_2)
FNDA:5,(anonymous_3)
DA:28,1
DA:60,1
DA:65,3
DA:69,0
DA:70,0
DA:72,0
DA:76,2
DA:80,5
LF:8
LH:5
BRDA:69,0,0,0
BRF:1
BRH:0
end_of_record
