TN:
SF:src/assistant/defaultTools.ts
FN:16,validateAddress
FN:22,validatePrivateKey
FN:28,validateABI
FN:34,validateTransaction
FN:42,jsonValidator
FN:59,handleFileError
FN:60,(anonymous_22)
FN:130,(anonymous_23)
FN:130,(anonymous_24)
FN:197,(anonymous_25)
FN:197,(anonymous_26)
FN:255,(anonymous_27)
FN:255,(anonymous_28)
FN:306,(anonymous_29)
FN:306,(anonymous_30)
FN:370,(anonymous_31)
FN:374,(anonymous_32)
FN:435,(anonymous_33)
FN:435,(anonymous_34)
FN:492,(anonymous_35)
FN:492,(anonymous_36)
FN:505,(anonymous_37)
FN:529,(anonymous_38)
FN:529,(anonymous_39)
FN:557,(anonymous_40)
FN:557,(anonymous_41)
FN:585,(anonymous_42)
FN:585,(anonymous_43)
FN:613,(anonymous_44)
FN:613,(anonymous_45)
FN:641,(anonymous_46)
FN:641,(anonymous_47)
FN:643,(anonymous_48)
FN:645,(anonymous_49)
FN:664,(anonymous_50)
FN:664,(anonymous_51)
FN:679,getNonce
FN:683,speakSentence
FN:690,(anonymous_55)
FN:692,(anonymous_56)
FN:693,(anonymous_57)
FN:700,(anonymous_58)
FN:729,(anonymous_59)
FN:729,(anonymous_60)
FN:730,(anonymous_61)
FN:731,(anonymous_62)
FN:731,(anonymous_63)
FN:756,(anonymous_64)
FN:756,(anonymous_65)
FN:757,(anonymous_66)
FN:778,(anonymous_67)
FN:778,(anonymous_68)
FN:792,(anonymous_69)
FN:853,(anonymous_71)
FN:853,(anonymous_72)
FN:939,(anonymous_73)
FN:939,(anonymous_74)
FN:947,(anonymous_75)
FN:1095,(anonymous_76)
FN:1095,(anonymous_77)
FN:1101,(anonymous_78)
FN:1101,(anonymous_79)
FN:1141,(anonymous_80)
FN:1141,(anonymous_81)
FN:1147,(anonymous_82)
FN:1147,(anonymous_83)
FN:1198,(anonymous_84)
FN:1198,(anonymous_85)
FN:1271,(anonymous_86)
FN:1271,(anonymous_87)
FN:1274,(anonymous_88)
FN:1326,(anonymous_89)
FN:1326,(anonymous_90)
FN:1341,(anonymous_91)
FN:1341,(anonymous_92)
FN:1357,(anonymous_93)
FN:1357,(anonymous_94)
FN:1377,(anonymous_95)
FN:1377,(anonymous_96)
FN:1380,(anonymous_97)
FN:1380,(anonymous_98)
FN:1396,(anonymous_99)
FN:1396,(anonymous_100)
FN:1409,(anonymous_101)
FN:1409,(anonymous_102)
FN:1429,(anonymous_103)
FN:1429,(anonymous_104)
FN:1447,(anonymous_105)
FN:1447,(anonymous_106)
FN:1466,(anonymous_107)
FN:1466,(anonymous_108)
FN:1468,(anonymous_109)
FN:1473,(anonymous_110)
FN:1496,(anonymous_111)
FN:1496,(anonymous_112)
FN:1505,(anonymous_113)
FN:1527,(anonymous_114)
FN:1527,(anonymous_115)
FNF:98
FNH:0
FNDA:0,validateAddress
FNDA:0,validatePrivateKey
FNDA:0,validateABI
FNDA:0,validateTransaction
FNDA:0,jsonValidator
FNDA:0,handleFileError
FNDA:0,(anonymous_22)
FNDA:0,(anonymous_23)
FNDA:0,(anonymous_24)
FNDA:0,(anonymous_25)
FNDA:0,(anonymous_26)
FNDA:0,(anonymous_27)
FNDA:0,(anonymous_28)
FNDA:0,(anonymous_29)
FNDA:0,(anonymous_30)
FNDA:0,(anonymous_31)
FNDA:0,(anonymous_32)
FNDA:0,(anonymous_33)
FNDA:0,(anonymous_34)
FNDA:0,(anonymous_35)
FNDA:0,(anonymous_36)
FNDA:0,(anonymous_37)
FNDA:0,(anonymous_38)
FNDA:0,(anonymous_39)
FNDA:0,(anonymous_40)
FNDA:0,(anonymous_41)
FNDA:0,(anonymous_42)
FNDA:0,(anonymous_43)
FNDA:0,(anonymous_44)
FNDA:0,(anonymous_45)
FNDA:0,(anonymous_46)
FNDA:0,(anonymous_47)
FNDA:0,(anonymous_48)
FNDA:0,(anonymous_49)
FNDA:0,(anonymous_50)
FNDA:0,(anonymous_51)
FNDA:0,getNonce
FNDA:0,speakSentence
FNDA:0,(anonymous_55)
FNDA:0,(anonymous_56)
FNDA:0,(anonymous_57)
FNDA:0,(anonymous_58)
FNDA:0,(anonymous_59)
FNDA:0,(anonymous_60)
FNDA:0,(anonymous_61)
FNDA:0,(anonymous_62)
FNDA:0,(anonymous_63)
FNDA:0,(anonymous_64)
FNDA:0,(anonymous_65)
FNDA:0,(anonymous_66)
FNDA:0,(anonymous_67)
FNDA:0,(anonymous_68)
FNDA:0,(anonymous_69)
FNDA:0,(anonymous_71)
FNDA:0,(anonymous_72)
FNDA:0,(anonymous_73)
FNDA:0,(anonymous_74)
FNDA:0,(anonymous_75)
FNDA:0,(anonymous_76)
FNDA:0,(anonymous_77)
FNDA:0,(anonymous_78)
FNDA:0,(anonymous_79)
FNDA:0,(anonymous_80)
FNDA:0,(anonymous_81)
FNDA:0,(anonymous_82)
FNDA:0,(anonymous_83)
FNDA:0,(anonymous_84)
FNDA:0,(anonymous_85)
FNDA:0,(anonymous_86)
FNDA:0,(anonymous_87)
FNDA:0,(anonymous_88)
FNDA:0,(anonymous_89)
FNDA:0,(anonymous_90)
FNDA:0,(anonymous_91)
FNDA:0,(anonymous_92)
FNDA:0,(anonymous_93)
FNDA:0,(anonymous_94)
FNDA:0,(anonymous_95)
FNDA:0,(anonymous_96)
FNDA:0,(anonymous_97)
FNDA:0,(anonymous_98)
FNDA:0,(anonymous_99)
FNDA:0,(anonymous_100)
FNDA:0,(anonymous_101)
FNDA:0,(anonymous_102)
FNDA:0,(anonymous_103)
FNDA:0,(anonymous_104)
FNDA:0,(anonymous_105)
FNDA:0,(anonymous_106)
FNDA:0,(anonymous_107)
FNDA:0,(anonymous_108)
FNDA:0,(anonymous_109)
FNDA:0,(anonymous_110)
FNDA:0,(anonymous_111)
FNDA:0,(anonymous_112)
FNDA:0,(anonymous_113)
FNDA:0,(anonymous_114)
FNDA:0,(anonymous_115)
DA:4,2
DA:6,2
DA:8,2
DA:9,2
DA:10,2
DA:12,2
DA:17,0
DA:18,0
DA:23,0
DA:24,0
DA:29,0
DA:30,0
DA:35,0
DA:36,0
DA:40,2
DA:46,0
DA:47,0
DA:48,0
DA:49,0
DA:50,0
DA:51,0
DA:53,0
DA:60,0
DA:61,0
DA:64,0
DA:66,0
DA:76,0
DA:78,0
DA:79,0
DA:80,0
DA:84,0
DA:89,0
DA:90,0
DA:93,0
DA:98,2
DA:130,0
DA:131,0
DA:132,0
DA:133,0
DA:135,0
DA:136,0
DA:137,0
DA:138,0
DA:139,0
DA:140,0
DA:142,0
DA:197,0
DA:198,0
DA:199,0
DA:200,0
DA:202,0
DA:203,0
DA:205,0
DA:206,0
DA:207,0
DA:208,0
DA:209,0
DA:255,0
DA:256,0
DA:257,0
DA:258,0
DA:260,0
DA:261,0
DA:262,0
DA:263,0
DA:306,0
DA:307,0
DA:308,0
DA:309,0
DA:311,0
DA:312,0
DA:313,0
DA:315,0
DA:316,0
DA:317,0
DA:318,0
DA:319,0
DA:320,0
DA:321,0
DA:374,0
DA:375,0
DA:376,0
DA:377,0
DA:379,0
DA:380,0
DA:382,0
DA:383,0
DA:384,0
DA:386,0
DA:387,0
DA:388,0
DA:389,0
DA:390,0
DA:391,0
DA:435,0
DA:436,0
DA:437,0
DA:438,0
DA:440,0
DA:441,0
DA:442,0
DA:444,0
DA:445,0
DA:446,0
DA:447,0
DA:448,0
DA:492,0
DA:493,0
DA:494,0
DA:495,0
DA:497,0
DA:498,0
DA:499,0
DA:501,0
DA:502,0
DA:503,0
DA:504,0
DA:505,0
DA:529,0
DA:530,0
DA:531,0
DA:532,0
DA:533,0
DA:557,0
DA:558,0
DA:559,0
DA:560,0
DA:561,0
DA:585,0
DA:586,0
DA:587,0
DA:588,0
DA:589,0
DA:613,0
DA:614,0
DA:615,0
DA:616,0
DA:617,0
DA:641,0
DA:642,0
DA:643,0
DA:644,0
DA:645,0
DA:646,0
DA:647,0
DA:649,0
DA:664,0
DA:665,0
DA:666,0
DA:667,0
DA:669,0
DA:670,0
DA:671,0
DA:672,0
DA:675,0
DA:680,0
DA:684,0
DA:685,0
DA:689,0
DA:690,0
DA:692,0
DA:693,0
DA:694,0
DA:696,0
DA:697,0
DA:698,0
DA:701,0
DA:702,0
DA:709,0
DA:710,0
DA:712,0
DA:713,0
DA:714,0
DA:715,0
DA:717,0
DA:727,0
DA:728,0
DA:729,0
DA:730,0
DA:731,0
DA:732,0
DA:733,0
DA:734,0
DA:735,0
DA:737,0
DA:740,0
DA:744,0
DA:756,0
DA:757,0
DA:778,0
DA:779,0
DA:780,0
DA:793,0
DA:794,0
DA:795,0
DA:796,0
DA:797,0
DA:798,0
DA:799,0
DA:800,0
DA:801,0
DA:803,0
DA:804,0
DA:806,0
DA:808,0
DA:809,0
DA:811,0
DA:812,0
DA:814,0
DA:815,0
DA:817,0
DA:818,0
DA:820,0
DA:821,0
DA:823,0
DA:824,0
DA:826,0
DA:827,0
DA:829,0
DA:831,0
DA:833,0
DA:835,0
DA:839,0
DA:840,0
DA:853,0
DA:854,0
DA:855,0
DA:856,0
DA:857,0
DA:858,0
DA:859,0
DA:861,0
DA:862,0
DA:863,0
DA:864,0
DA:866,0
DA:867,0
DA:869,0
DA:870,0
DA:881,0
DA:884,0
DA:885,0
DA:886,0
DA:887,0
DA:888,0
DA:891,0
DA:892,0
DA:893,0
DA:895,0
DA:897,0
DA:898,0
DA:899,0
DA:901,0
DA:904,0
DA:905,0
DA:907,0
DA:910,0
DA:924,0
DA:925,0
DA:939,0
DA:940,0
DA:941,0
DA:942,0
DA:944,0
DA:945,0
DA:947,0
DA:948,0
DA:950,0
DA:951,0
DA:990,0
DA:1002,0
DA:1005,0
DA:1006,0
DA:1007,0
DA:1008,0
DA:1009,0
DA:1010,0
DA:1012,0
DA:1013,0
DA:1015,0
DA:1016,0
DA:1017,0
DA:1020,0
DA:1022,0
DA:1024,0
DA:1025,0
DA:1028,0
DA:1029,0
DA:1030,0
DA:1031,0
DA:1032,0
DA:1033,0
DA:1034,0
DA:1036,0
DA:1037,0
DA:1039,0
DA:1040,0
DA:1042,0
DA:1043,0
DA:1045,0
DA:1046,0
DA:1048,0
DA:1049,0
DA:1051,0
DA:1052,0
DA:1053,0
DA:1054,0
DA:1056,0
DA:1059,0
DA:1060,0
DA:1063,0
DA:1065,0
DA:1079,0
DA:1080,0
DA:1081,0
DA:1095,0
DA:1096,0
DA:1097,0
DA:1098,0
DA:1100,0
DA:1101,0
DA:1102,0
DA:1105,0
DA:1106,0
DA:1108,0
DA:1110,0
DA:1124,0
DA:1125,0
DA:1126,0
DA:1128,0
DA:1141,0
DA:1142,0
DA:1143,0
DA:1144,0
DA:1146,0
DA:1147,0
DA:1148,0
DA:1160,0
DA:1161,0
DA:1163,0
DA:1165,0
DA:1179,0
DA:1180,0
DA:1181,0
DA:1183,0
DA:1198,0
DA:1199,0
DA:1200,0
DA:1201,0
DA:1202,0
DA:1203,0
DA:1205,0
DA:1206,0
DA:1207,0
DA:1208,0
DA:1210,0
DA:1211,0
DA:1217,0
DA:1218,0
DA:1220,0
DA:1222,0
DA:1223,0
DA:1224,0
DA:1234,0
DA:1236,0
DA:1240,0
DA:1254,0
DA:1255,0
DA:1271,0
DA:1272,0
DA:1273,0
DA:1275,0
DA:1278,0
DA:1279,0
DA:1289,0
DA:1290,0
DA:1291,0
DA:1293,0
DA:1295,0
DA:1309,0
DA:1310,0
DA:1311,0
DA:1313,0
DA:1326,0
DA:1327,0
DA:1328,0
DA:1329,0
DA:1341,0
DA:1342,0
DA:1344,0
DA:1345,0
DA:1357,0
DA:1358,0
DA:1359,0
DA:1360,0
DA:1361,0
DA:1362,0
DA:1364,0
DA:1365,0
DA:1377,0
DA:1378,0
DA:1379,0
DA:1380,0
DA:1381,0
DA:1384,0
DA:1396,0
DA:1397,0
DA:1409,0
DA:1410,0
DA:1411,0
DA:1412,0
DA:1413,0
DA:1414,0
DA:1416,0
DA:1429,0
DA:1430,0
DA:1431,0
DA:1432,0
DA:1434,0
DA:1447,0
DA:1448,0
DA:1449,0
DA:1450,0
DA:1451,0
DA:1453,0
DA:1466,0
DA:1467,0
DA:1468,0
DA:1469,0
DA:1471,0
DA:1472,0
DA:1473,0
DA:1479,0
DA:1480,0
DA:1481,0
DA:1483,0
DA:1496,0
DA:1497,0
DA:1501,0
DA:1502,0
DA:1503,0
DA:1505,0
DA:1509,0
DA:1510,0
DA:1512,0
DA:1527,0
DA:1528,0
DA:1529,0
DA:1530,0
DA:1540,0
DA:1541,0
DA:1542,0
DA:1544,0
DA:1546,0
DA:1547,0
DA:1549,0
LF:456
LH:8
BRDA:36,0,0,0
BRDA:36,0,1,0
BRDA:36,0,2,0
BRDA:36,0,3,0
BRDA:60,1,0,0
BRDA:78,2,0,0
BRDA:89,3,0,0
BRDA:89,3,1,0
BRDA:132,4,0,0
BRDA:138,5,0,0
BRDA:199,6,0,0
BRDA:202,7,0,0
BRDA:257,8,0,0
BRDA:308,9,0,0
BRDA:312,10,0,0
BRDA:318,11,0,0
BRDA:318,11,1,0
BRDA:376,12,0,0
BRDA:379,13,0,0
BRDA:383,14,0,0
BRDA:389,15,0,0
BRDA:389,15,1,0
BRDA:437,16,0,0
BRDA:441,17,0,0
BRDA:446,18,0,0
BRDA:446,18,1,0
BRDA:494,19,0,0
BRDA:498,20,0,0
BRDA:644,21,0,0
BRDA:644,21,1,0
BRDA:646,22,0,0
BRDA:646,22,1,0
BRDA:684,23,0,0
BRDA:687,24,0,0
BRDA:687,24,1,0
BRDA:709,25,0,0
BRDA:713,26,0,0
BRDA:713,26,1,0
BRDA:714,27,0,0
BRDA:715,28,0,0
BRDA:728,29,0,0
BRDA:728,29,1,0
BRDA:733,30,0,0
BRDA:798,31,0,0
BRDA:798,31,1,0
BRDA:799,32,0,0
BRDA:799,32,1,0
BRDA:800,33,0,0
BRDA:800,34,0,0
BRDA:800,34,1,0
BRDA:801,35,0,0
BRDA:801,35,1,0
BRDA:804,36,0,0
BRDA:804,36,1,0
BRDA:804,36,2,0
BRDA:804,36,3,0
BRDA:804,36,4,0
BRDA:804,36,5,0
BRDA:804,36,6,0
BRDA:804,36,7,0
BRDA:804,36,8,0
BRDA:854,37,0,0
BRDA:858,38,0,0
BRDA:861,39,0,0
BRDA:862,40,0,0
BRDA:862,40,1,0
BRDA:863,41,0,0
BRDA:863,42,0,0
BRDA:863,42,1,0
BRDA:866,43,0,0
BRDA:884,44,0,0
BRDA:884,44,1,0
BRDA:887,45,0,0
BRDA:892,46,0,0
BRDA:898,47,0,0
BRDA:904,48,0,0
BRDA:939,49,0,0
BRDA:941,50,0,0
BRDA:944,51,0,0
BRDA:944,52,0,0
BRDA:944,52,1,0
BRDA:1015,53,0,0
BRDA:1015,54,0,0
BRDA:1015,54,1,0
BRDA:1024,55,0,0
BRDA:1032,56,0,0
BRDA:1059,57,0,0
BRDA:1080,58,0,0
BRDA:1097,59,0,0
BRDA:1097,60,0,0
BRDA:1097,60,1,0
BRDA:1105,61,0,0
BRDA:1125,62,0,0
BRDA:1143,63,0,0
BRDA:1143,64,0,0
BRDA:1143,64,1,0
BRDA:1143,64,2,0
BRDA:1160,65,0,0
BRDA:1180,66,0,0
BRDA:1199,67,0,0
BRDA:1202,68,0,0
BRDA:1202,69,0,0
BRDA:1202,69,1,0
BRDA:1207,70,0,0
BRDA:1217,71,0,0
BRDA:1290,72,0,0
BRDA:1310,73,0,0
BRDA:1361,74,0,0
BRDA:1413,75,0,0
BRDA:1413,75,1,0
BRDA:1469,76,0,0
BRDA:1469,76,1,0
BRDA:1479,77,0,0
BRDA:1479,77,1,0
BRDA:1546,78,0,0
BRF:115
BRH:0
end_of_record
TN:
SF:src/assistant/conversation/conversation.ts
FN:12,(anonymous_7)
FN:36,(anonymous_8)
FN:53,(anonymous_10)
FN:92,(anonymous_12)
FN:97,(anonymous_14)
FNF:5
FNH:5
FNDA:7,(anonymous_7)
FNDA:2,(anonymous_8)
FNDA:1,(anonymous_10)
FNDA:1,(anonymous_12)
FNDA:1,(anonymous_14)
DA:3,4
DA:4,4
DA:6,4
DA:13,7
DA:15,7
DA:16,1
DA:20,6
DA:21,6
DA:23,6
DA:24,5
DA:29,1
DA:41,2
DA:42,2
DA:43,0
DA:46,2
DA:47,1
DA:49,1
DA:58,1
DA:59,1
DA:60,0
DA:62,1
DA:63,1
DA:64,1
DA:65,1
DA:66,1
DA:68,1
DA:69,0
DA:71,1
DA:78,1
DA:79,0
DA:80,0
DA:82,0
DA:85,1
DA:87,0
DA:88,0
DA:93,1
DA:94,1
DA:97,1
DA:99,1
DA:104,1
DA:105,1
LF:41
LH:33
BRDA:15,0,0,1
BRDA:15,1,0,7
BRDA:15,1,1,2
BRDA:21,2,0,5
BRDA:21,2,1,1
BRDA:23,3,0,5
BRDA:23,3,1,1
BRDA:36,4,0,2
BRDA:40,5,0,2
BRDA:42,6,0,0
BRDA:46,7,0,1
BRDA:46,7,1,1
BRDA:53,8,0,0
BRDA:59,9,0,0
BRDA:64,10,0,1
BRDA:65,11,0,0
BRDA:65,11,1,1
BRDA:68,12,0,0
BRDA:75,13,0,1
BRDA:75,13,1,0
BRDA:78,14,0,0
BRDA:92,15,0,0
BRF:22
BRH:14
end_of_record
TN:
SF:src/assistant/conversation/conversationService.ts
FN:8,(anonymous_8)
FN:12,(anonymous_9)
FN:22,(anonymous_11)
FNF:3
FNH:0
FNDA:0,(anonymous_8)
FNDA:0,(anonymous_9)
FNDA:0,(anonymous_11)
DA:2,1
DA:5,1
DA:9,0
DA:13,0
DA:14,0
DA:16,0
DA:23,0
LF:7
LH:2
BRDA:8,0,0,0
BRDA:13,1,0,0
BRDA:13,2,0,0
BRDA:13,2,1,0
BRF:4
BRH:0
end_of_record
TN:
SF:src/assistant/logging/config.ts
FNF:0
FNH:0
DA:2,2
DA:4,2
LF:2
LH:2
BRF:0
BRH:0
end_of_record
TN:
SF:src/assistant/logging/logger.ts
FN:30,(anonymous_1)
FN:43,(anonymous_2)
FN:53,(anonymous_3)
FN:63,(anonymous_4)
FN:67,(anonymous_5)
FN:71,(anonymous_6)
FN:75,(anonymous_7)
FN:79,(anonymous_8)
FN:83,(anonymous_9)
FN:88,(anonymous_10)
FN:92,(anonymous_11)
FN:100,log
FNF:12
FNH:1
FNDA:2,(anonymous_1)
FNDA:0,(anonymous_2)
FNDA:0,(anonymous_3)
FNDA:0,(anonymous_4)
FNDA:0,(anonymous_5)
FNDA:0,(anonymous_6)
FNDA:0,(anonymous_7)
FNDA:0,(anonymous_8)
FNDA:0,(anonymous_9)
FNDA:0,(anonymous_10)
FNDA:0,(anonymous_11)
FNDA:0,log
DA:2,2
DA:3,2
DA:4,2
DA:5,2
DA:8,2
DA:18,2
DA:27,2
DA:31,2
DA:44,0
DA:54,0
DA:60,0
DA:64,0
DA:68,0
DA:72,0
DA:76,0
DA:80,0
DA:84,0
DA:85,0
DA:89,0
DA:93,0
DA:97,2
DA:100,2
DA:101,0
LF:23
LH:10
BRDA:53,0,0,0
BRDA:58,1,0,0
BRDA:58,1,1,0
BRDA:58,2,0,0
BRDA:58,2,1,0
BRF:5
BRH:0
end_of_record
TN:
SF:src/assistant/metrics/metricsService.ts
FN:20,(anonymous_1)
FN:26,(anonymous_2)
FN:34,(anonymous_3)
FN:39,(anonymous_4)
FN:54,(anonymous_5)
FN:62,(anonymous_6)
FN:77,(anonymous_7)
FN:91,(anonymous_8)
FN:96,(anonymous_9)
FN:100,(anonymous_10)
FN:104,(anonymous_11)
FNF:11
FNH:8
FNDA:5,(anonymous_1)
FNDA:5,(anonymous_2)
FNDA:9,(anonymous_3)
FNDA:5,(anonymous_4)
FNDA:1,(anonymous_5)
FNDA:3,(anonymous_6)
FNDA:0,(anonymous_7)
FNDA:0,(anonymous_8)
FNDA:1,(anonymous_9)
FNDA:0,(anonymous_10)
FNDA:1,(anonymous_11)
DA:2,2
DA:3,2
DA:16,2
DA:21,5
DA:22,5
DA:23,5
DA:27,5
DA:28,0
DA:29,0
DA:30,0
DA:35,9
DA:36,9
DA:40,5
DA:41,5
DA:51,5
DA:55,1
DA:56,1
DA:57,1
DA:58,1
DA:63,3
DA:64,3
DA:65,3
DA:66,3
DA:67,3
DA:68,3
DA:69,3
DA:71,3
DA:72,3
DA:73,3
DA:78,0
DA:79,0
DA:80,0
DA:81,0
DA:82,0
DA:83,0
DA:84,0
DA:85,0
DA:88,0
DA:92,0
DA:93,0
DA:97,1
DA:101,0
DA:105,1
DA:106,1
DA:107,1
DA:108,1
DA:109,1
DA:110,1
DA:111,1
DA:112,1
DA:113,1
DA:115,1
LF:52
LH:37
BRDA:20,0,0,5
BRDA:27,1,0,0
BRDA:56,2,0,1
BRDA:64,3,0,3
BRDA:68,4,0,3
BRDA:84,5,0,0
BRF:6
BRH:4
end_of_record
TN:
SF:src/assistant/prompts/promptService.ts
FN:17,makePromptFunction
FN:23,(anonymous_8)
FN:35,(anonymous_9)
FN:36,(anonymous_10)
FN:42,(anonymous_11)
FN:42,(anonymous_12)
FN:72,(anonymous_13)
FN:78,(anonymous_14)
FN:78,(anonymous_15)
FN:140,(anonymous_16)
FN:153,(anonymous_17)
FN:183,(anonymous_18)
FN:194,(anonymous_19)
FN:229,(anonymous_20)
FN:238,(anonymous_21)
FN:278,(anonymous_22)
FN:289,(anonymous_23)
FN:323,(anonymous_24)
FN:325,(anonymous_26)
FN:402,(anonymous_27)
FNF:20
FNH:0
FNDA:0,makePromptFunction
FNDA:0,(anonymous_8)
FNDA:0,(anonymous_9)
FNDA:0,(anonymous_10)
FNDA:0,(anonymous_11)
FNDA:0,(anonymous_12)
FNDA:0,(anonymous_13)
FNDA:0,(anonymous_14)
FNDA:0,(anonymous_15)
FNDA:0,(anonymous_16)
FNDA:0,(anonymous_17)
FNDA:0,(anonymous_18)
FNDA:0,(anonymous_19)
FNDA:0,(anonymous_20)
FNDA:0,(anonymous_21)
FNDA:0,(anonymous_22)
FNDA:0,(anonymous_23)
FNDA:0,(anonymous_24)
FNDA:0,(anonymous_26)
FNDA:0,(anonymous_27)
DA:4,2
DA:17,2
DA:23,0
DA:24,0
DA:25,0
DA:26,0
DA:28,0
DA:29,0
DA:30,0
DA:35,0
DA:36,0
DA:37,0
DA:38,0
DA:39,0
DA:42,0
DA:43,0
DA:44,0
DA:45,0
DA:46,0
DA:53,0
DA:54,0
DA:62,0
DA:63,0
DA:65,0
DA:66,0
DA:71,2
DA:73,0
DA:74,0
DA:75,0
DA:78,0
DA:79,0
DA:140,0
DA:153,0
DA:154,0
DA:174,0
DA:183,0
DA:194,0
DA:195,0
DA:225,0
DA:229,0
DA:238,0
DA:239,0
DA:275,0
DA:278,0
DA:289,0
DA:290,0
DA:318,0
DA:324,0
DA:325,0
DA:326,0
DA:329,0
DA:331,0
DA:338,0
DA:373,0
DA:374,0
DA:377,0
DA:378,0
DA:379,0
DA:389,0
DA:390,0
DA:399,0
DA:408,0
DA:437,0
LF:63
LH:3
BRDA:24,0,0,0
BRDA:25,1,0,0
BRDA:29,2,0,0
BRDA:29,3,0,0
BRDA:29,3,1,0
BRDA:39,4,0,0
BRDA:39,4,1,0
BRDA:39,5,0,0
BRDA:39,5,1,0
BRDA:43,6,0,0
BRDA:43,6,1,0
BRDA:44,7,0,0
BRDA:44,7,1,0
BRDA:45,8,0,0
BRDA:45,9,0,0
BRDA:45,9,1,0
BRDA:47,10,0,0
BRDA:47,10,1,0
BRDA:389,11,0,0
BRF:19
BRH:0
end_of_record
TN:
SF:src/assistant/script/cleanupManager.ts
FN:7,(anonymous_7)
FN:22,(anonymous_9)
FNF:2
FNH:2
FNDA:2,(anonymous_7)
FNDA:1,(anonymous_9)
DA:4,4
DA:6,4
DA:8,2
DA:9,2
DA:11,2
DA:12,3
DA:13,3
DA:14,3
DA:15,3
DA:16,1
DA:23,1
LF:11
LH:11
BRDA:13,0,0,3
BRDA:15,1,0,1
BRDA:15,2,0,3
BRDA:15,2,1,1
BRF:4
BRH:4
end_of_record
TN:
SF:src/assistant/script/metadataManager.ts
FN:17,(anonymous_7)
FN:32,(anonymous_9)
FN:37,(anonymous_11)
FN:52,(anonymous_13)
FNF:4
FNH:1
FNDA:1,(anonymous_7)
FNDA:0,(anonymous_9)
FNDA:0,(anonymous_11)
FNDA:0,(anonymous_13)
DA:16,4
DA:18,1
DA:19,1
DA:20,1
DA:28,1
DA:33,0
DA:34,0
DA:38,0
DA:39,0
DA:40,0
DA:48,0
DA:53,0
DA:54,0
DA:55,0
DA:63,0
LF:15
LH:5
BRDA:19,0,0,1
BRDA:34,1,0,0
BRDA:34,1,1,0
BRDA:39,2,0,0
BRDA:54,3,0,0
BRF:5
BRH:1
end_of_record
TN:
SF:src/assistant/script/performanceMonitor.ts
FN:9,(anonymous_0)
FN:25,(anonymous_1)
FN:29,(anonymous_2)
FNF:3
FNH:3
FNDA:9,(anonymous_0)
FNDA:5,(anonymous_1)
FNDA:2,(anonymous_2)
DA:1,4
DA:2,4
DA:10,9
DA:17,9
DA:18,9
DA:19,9
DA:20,9
DA:22,9
DA:26,5
DA:30,2
LF:10
LH:10
BRDA:10,0,0,9
BRDA:10,0,1,7
BRF:2
BRH:2
end_of_record
TN:
SF:src/assistant/script/scriptManager.ts
FN:10,(anonymous_7)
FN:13,(anonymous_8)
FN:17,(anonymous_10)
FN:21,(anonymous_12)
FN:25,(anonymous_13)
FN:29,(anonymous_15)
FN:33,(anonymous_17)
FN:37,(anonymous_19)
FN:41,(anonymous_21)
FN:45,(anonymous_23)
FN:49,(anonymous_24)
FNF:11
FNH:11
FNDA:10,(anonymous_7)
FNDA:1,(anonymous_8)
FNDA:1,(anonymous_10)
FNDA:1,(anonymous_12)
FNDA:1,(anonymous_13)
FNDA:1,(anonymous_15)
FNDA:1,(anonymous_17)
FNDA:1,(anonymous_19)
FNDA:1,(anonymous_21)
FNDA:1,(anonymous_23)
FNDA:1,(anonymous_24)
DA:2,3
DA:3,3
DA:4,3
DA:5,3
DA:8,3
DA:10,10
DA:14,1
DA:18,1
DA:22,1
DA:26,1
DA:30,1
DA:34,1
DA:38,1
DA:42,1
DA:46,1
DA:50,1
LF:16
LH:16
BRF:0
BRH:0
end_of_record
TN:
SF:src/assistant/script/validator.ts
FN:4,(anonymous_13)
FN:14,(anonymous_15)
FN:20,(anonymous_17)
FNF:3
FNH:3
FNDA:2,(anonymous_13)
FNDA:2,(anonymous_15)
FNDA:2,(anonymous_17)
DA:1,4
DA:3,4
DA:5,2
DA:6,2
DA:8,2
DA:9,2
DA:11,1
DA:17,2
DA:21,2
DA:26,2
DA:27,2
DA:28,1
DA:30,1
DA:31,1
LF:14
LH:14
BRDA:6,0,0,0
BRDA:9,1,0,1
BRF:2
BRH:1
end_of_record
TN:
SF:src/assistant/tools/tool.ts
FN:8,(anonymous_8)
FN:20,(anonymous_9)
FN:20,(anonymous_10)
FN:28,(anonymous_11)
FN:32,(anonymous_12)
FN:44,(anonymous_14)
FN:56,(anonymous_15)
FN:61,(anonymous_16)
FNF:8
FNH:0
FNDA:0,(anonymous_8)
FNDA:0,(anonymous_9)
FNDA:0,(anonymous_10)
FNDA:0,(anonymous_11)
FNDA:0,(anonymous_12)
FNDA:0,(anonymous_14)
FNDA:0,(anonymous_15)
FNDA:0,(anonymous_16)
DA:1,2
DA:6,2
DA:9,0
DA:10,0
DA:11,0
DA:12,0
DA:13,0
DA:14,0
DA:16,0
DA:17,0
DA:18,0
DA:20,0
DA:21,0
DA:22,0
DA:23,0
DA:29,0
DA:34,0
DA:37,0
DA:38,0
DA:40,0
DA:45,0
DA:46,0
DA:47,0
DA:48,0
DA:57,0
DA:58,0
DA:62,0
LF:27
LH:2
BRDA:17,0,0,0
BRDA:17,0,1,0
BRF:2
BRH:0
end_of_record
TN:
SF:src/assistant/tools/toolRegistry.ts
FN:22,(anonymous_13)
FN:26,(anonymous_15)
FN:27,(anonymous_16)
FN:29,(anonymous_17)
FN:51,(anonymous_18)
FN:68,(anonymous_19)
FN:74,(anonymous_21)
FN:76,(anonymous_23)
FN:119,(anonymous_24)
FN:129,(anonymous_26)
FN:137,(anonymous_28)
FN:145,(anonymous_30)
FN:163,(anonymous_32)
FN:184,(anonymous_34)
FN:194,(anonymous_36)
FN:203,(anonymous_38)
FN:207,(anonymous_39)
FN:211,(anonymous_40)
FN:213,(anonymous_41)
FN:217,(anonymous_42)
FN:221,(anonymous_43)
FN:225,(anonymous_45)
FN:229,(anonymous_47)
FN:233,(anonymous_49)
FN:237,(anonymous_51)
FN:241,(anonymous_53)
FN:245,(anonymous_55)
FN:249,(anonymous_57)
FN:265,(anonymous_59)
FN:274,(anonymous_61)
FN:281,(anonymous_63)
FN:285,(anonymous_65)
FN:295,(anonymous_67)
FNF:33
FNH:0
FNDA:0,(anonymous_13)
FNDA:0,(anonymous_15)
FNDA:0,(anonymous_16)
FNDA:0,(anonymous_17)
FNDA:0,(anonymous_18)
FNDA:0,(anonymous_19)
FNDA:0,(anonymous_21)
FNDA:0,(anonymous_23)
FNDA:0,(anonymous_24)
FNDA:0,(anonymous_26)
FNDA:0,(anonymous_28)
FNDA:0,(anonymous_30)
FNDA:0,(anonymous_32)
FNDA:0,(anonymous_34)
FNDA:0,(anonymous_36)
FNDA:0,(anonymous_38)
FNDA:0,(anonymous_39)
FNDA:0,(anonymous_40)
FNDA:0,(anonymous_41)
FNDA:0,(anonymous_42)
FNDA:0,(anonymous_43)
FNDA:0,(anonymous_45)
FNDA:0,(anonymous_47)
FNDA:0,(anonymous_49)
FNDA:0,(anonymous_51)
FNDA:0,(anonymous_53)
FNDA:0,(anonymous_55)
FNDA:0,(anonymous_57)
FNDA:0,(anonymous_59)
FNDA:0,(anonymous_61)
FNDA:0,(anonymous_63)
FNDA:0,(anonymous_65)
FNDA:0,(anonymous_67)
DA:2,2
DA:5,2
DA:6,2
DA:8,2
DA:9,2
DA:13,2
DA:23,0
DA:25,0
DA:26,0
DA:27,0
DA:28,0
DA:29,0
DA:30,0
DA:31,0
DA:33,0
DA:39,0
DA:41,0
DA:46,2
DA:47,0
DA:52,0
DA:53,0
DA:55,0
DA:56,0
DA:57,0
DA:58,0
DA:60,0
DA:61,0
DA:62,0
DA:63,0
DA:64,0
DA:69,0
DA:70,0
DA:75,0
DA:76,0
DA:78,0
DA:79,0
DA:95,0
DA:100,0
DA:102,0
DA:104,0
DA:105,0
DA:107,0
DA:108,0
DA:109,0
DA:111,0
DA:112,0
DA:113,0
DA:120,0
DA:121,0
DA:122,0
DA:124,0
DA:125,0
DA:130,0
DA:131,0
DA:132,0
DA:134,0
DA:138,0
DA:139,0
DA:140,0
DA:142,0
DA:146,0
DA:147,0
DA:149,0
DA:150,0
DA:151,0
DA:152,0
DA:153,0
DA:154,0
DA:155,0
DA:157,0
DA:158,0
DA:159,0
DA:164,0
DA:165,0
DA:167,0
DA:177,0
DA:178,0
DA:179,0
DA:180,0
DA:181,0
DA:185,0
DA:186,0
DA:188,0
DA:189,0
DA:190,0
DA:191,0
DA:195,0
DA:196,0
DA:197,0
DA:198,0
DA:200,0
DA:204,0
DA:208,0
DA:212,0
DA:213,0
DA:218,0
DA:222,0
DA:226,0
DA:230,0
DA:234,0
DA:238,0
DA:242,0
DA:246,0
DA:250,0
DA:251,0
DA:252,0
DA:255,0
DA:262,0
DA:266,0
DA:267,0
DA:268,0
DA:269,0
DA:275,0
DA:276,0
DA:277,0
DA:282,0
DA:286,0
DA:296,0
LF:118
LH:7
BRDA:23,0,0,0
BRDA:30,1,0,0
BRDA:30,1,1,0
BRDA:102,2,0,0
BRDA:102,2,1,0
BRDA:102,2,2,0
BRDA:146,3,0,0
BRDA:164,4,0,0
BRDA:175,5,0,0
BRDA:175,5,1,0
BRDA:185,6,0,0
BRDA:189,7,0,0
BRDA:189,7,1,0
BRDA:195,8,0,0
BRDA:267,9,0,0
BRDA:276,10,0,0
BRF:16
BRH:0
end_of_record
TN:
SF:src/assistant/tools/toolWatcher.ts
FN:12,(anonymous_14)
FN:26,(anonymous_15)
FN:30,(anonymous_17)
FN:32,(anonymous_18)
FN:33,(anonymous_19)
FN:34,(anonymous_20)
FN:37,(anonymous_21)
FN:42,(anonymous_23)
FN:47,(anonymous_25)
FN:54,(anonymous_27)
FN:63,(anonymous_29)
FN:77,(anonymous_30)
FNF:12
FNH:0
FNDA:0,(anonymous_14)
FNDA:0,(anonymous_15)
FNDA:0,(anonymous_17)
FNDA:0,(anonymous_18)
FNDA:0,(anonymous_19)
FNDA:0,(anonymous_20)
FNDA:0,(anonymous_21)
FNDA:0,(anonymous_23)
FNDA:0,(anonymous_25)
FNDA:0,(anonymous_27)
FNDA:0,(anonymous_29)
FNDA:0,(anonymous_30)
DA:2,2
DA:3,2
DA:4,2
DA:6,2
DA:8,2
DA:12,0
DA:13,0
DA:15,0
DA:16,0
DA:18,0
DA:23,0
DA:27,0
DA:31,0
DA:32,0
DA:33,0
DA:34,0
DA:38,0
DA:39,0
DA:43,0
DA:44,0
DA:48,0
DA:49,0
DA:50,0
DA:55,0
DA:56,0
DA:58,0
DA:59,0
DA:60,0
DA:63,0
DA:65,0
DA:66,0
DA:67,0
DA:68,0
DA:70,0
DA:73,0
DA:78,0
DA:79,0
DA:80,0
DA:81,0
LF:39
LH:5
BRDA:15,0,0,0
BRDA:58,1,0,0
BRDA:65,2,0,0
BRDA:65,2,1,0
BRDA:65,3,0,0
BRDA:65,3,1,0
BRDA:67,4,0,0
BRDA:67,4,1,0
BRDA:80,5,0,0
BRF:9
BRH:0
end_of_record
TN:
SF:src/models/config.ts
FN:64,(anonymous_0)
FN:68,(anonymous_1)
FN:75,(anonymous_2)
FN:79,(anonymous_3)
FNF:4
FNH:3
FNDA:3,(anonymous_0)
FNDA:0,(anonymous_1)
FNDA:2,(anonymous_2)
FNDA:5,(anonymous_3)
DA:28,1
DA:60,1
DA:65,3
DA:69,0
DA:70,0
DA:72,0
DA:76,2
DA:80,5
LF:8
LH:5
BRDA:69,0,0,0
BRF:1
BRH:0
end_of_record
